01:42:34:893162|0029-PSH::Tinfo UTCOffset {+05:30}
01:42:34:893277|0056-JAVA::PropertyName [java.version] PropertyValue [23.0.2]
01:42:34:893317|0067-JAVA::PropertyName [java.vendor] PropertyValue [Oracle Corporation]
01:42:34:893340|0077-JAVA::PropertyName [java.vendor.url] PropertyValue [https://java.oracle.com/]
01:42:34:893363|0075-JAVA::PropertyName [java.home] PropertyValue [C:\Program Files\Java\jdk-23]
01:42:34:893384|0069-JAVA::PropertyName [java.vm.specification.version] PropertyValue [23]
01:42:34:893532|0084-JAVA::PropertyName [java.vm.specification.vendor] PropertyValue [Oracle Corporation]
01:42:34:893581|0098-JAVA::PropertyName [java.vm.specification.name] PropertyValue [Java Virtual Machine Specification]
01:42:34:893597|0064-JAVA::PropertyName [java.vm.version] PropertyValue [23.0.2+7-58]
01:42:34:893610|0070-JAVA::PropertyName [java.vm.vendor] PropertyValue [Oracle Corporation]
01:42:34:893621|0083-JAVA::PropertyName [java.vm.name] PropertyValue [Java HotSpot(TM) 64-Bit Server VM]
01:42:34:893632|0066-JAVA::PropertyName [java.specification.version] PropertyValue [23]
01:42:34:893646|0081-JAVA::PropertyName [java.specification.vendor] PropertyValue [Oracle Corporation]
01:42:34:893654|0092-JAVA::PropertyName [java.specification.name] PropertyValue [Java Platform API Specification]
01:42:34:893663|0060-JAVA::PropertyName [java.class.version] PropertyValue [67.0]
01:42:34:893671|0101-JAVA::PropertyName [java.class.path] PropertyValue [target/COOL_Onboarding_Activity-1.0-SNAPSHOT.jar]
01:42:34:893680|2310-JAVA::PropertyName [java.library.path] PropertyValue [C:\Program Files\Java\jdk-23\bin;C:\WINDOWS\Sun\Java\bin;C:\WINDOWS\system32;C:\WINDOWS;C:\Python313\Scripts\;C:\Python313\;C:\Program Files\Common Files\Oracle\Java\javapath;C:\Program Files (x86)\Common Files\Oracle\Java\java8path;C:\Program Files (x86)\Common Files\Oracle\Java\javapath;C:\Program Files\Eclipse Adoptium\jdk-21.0.6.7-hotspot\bin;C:\WINDOWS\system32;C:\WINDOWS;C:\WINDOWS\System32\Wbem;C:\WINDOWS\System32\WindowsPowerShell\v1.0\;C:\WINDOWS\System32\OpenSSH\;C:\Program Files\dotnet\;C:\Program Files\Microsoft VS Code\bin;C:\Program Files\Git\cmd;C:\Program Files\PowerShell\7\;C:\Users\avirat.sharma\OneDrive - ION\Desktop\Work\terraform_1.10.5_windows_amd64\terraform.exe;C:\Program Files\Amazon\AWSCLIV2\;C:\Users\avirat.sharma\OneDrive - ION\Desktop\Work\apache-maven-3.9.9-bin\apache-maven-3.9.9\bin;C:\Program Files\Java\jdk-23\bin;C:\ProgramData\chocolatey\bin;C:\Users\avirat.sharma\AppData\Roaming\Python\Python313\Scripts;C:\Users\avirat.sharma\OneDrive - ION\Desktop\Work\ION-Group\ION-Installer\AutoConfX1.6.4-p3d1\bin;C:\Program Files\Java\jdk-11\bin;C:\Program Files\nodejs\;C:\Program Files\Docker\Docker\resources\bin;C:\Program Files\Java\jdk-17\bin;C:\Python313\Scripts\;C:\Python313\;C:\Program Files\Common Files\Oracle\Java\javapath;C:\Program Files (x86)\Common Files\Oracle\Java\java8path;C:\Program Files (x86)\Common Files\Oracle\Java\javapath;C:\Program Files\Eclipse Adoptium\jdk-21.0.6.7-hotspot\bin;C:\WINDOWS\system32;C:\WINDOWS;C:\WINDOWS\System32\Wbem;C:\WINDOWS\System32\WindowsPowerShell\v1.0\;C:\WINDOWS\System32\OpenSSH\;C:\Program Files\dotnet\;C:\Program Files\Microsoft VS Code\bin;C:\Program Files\Git\cmd;C:\Program Files\PowerShell\7\;C:\Users\avirat.sharma\OneDrive - ION\Desktop\Work\terraform_1.10.5_windows_amd64\terraform.exe;C:\Program Files\Amazon\AWSCLIV2\;C:\Users\avirat.sharma\OneDrive - ION\Desktop\Work\apache-maven-3.9.9-bin\apache-maven-3.9.9\bin;C:\Program Files\Java\jdk-23\bin;C:\ProgramData\chocolatey\bin;C:\Users\avirat.sharma\AppData\Roaming\Python\Python313\Scripts;C:\Users\avirat.sharma\OneDrive - ION\Desktop\Work\ION-Group\ION-Installer\AutoConfX1.6.4-p3d1\bin;C:\Program Files\Java\jdk-11\bin;C:\Program Files\nodejs\;C:\Program Files\Docker\Docker\resources\bin;;.]
01:42:34:893705|0093-JAVA::PropertyName [java.io.tmpdir] PropertyValue [C:\Users\AVIRAT~1.SHA\AppData\Local\Temp\]
01:42:34:893736|0055-JAVA::PropertyName [java.compiler] PropertyValue [null]
01:42:34:893747|0055-JAVA::PropertyName [java.ext.dirs] PropertyValue [null]
01:42:34:893756|0055-JAVA::PropertyName [os.name] PropertyValue [Windows 11]
01:42:34:893764|0050-JAVA::PropertyName [os.arch] PropertyValue [amd64]
01:42:34:893771|0052-JAVA::PropertyName [os.version] PropertyValue [10.0]
01:42:34:893778|0053-JAVA::PropertyName [file.separator] PropertyValue [\]
01:42:34:893785|0053-JAVA::PropertyName [path.separator] PropertyValue [;]
01:42:34:893896|0054-JAVA::PropertyName [line.separator] PropertyValue [
]
01:42:34:893913|0060-JAVA::PropertyName [user.name] PropertyValue [avirat.sharma]
01:42:34:893924|0069-JAVA::PropertyName [user.home] PropertyValue [C:\Users\avirat.sharma]
01:42:34:893962|0160-JAVA::PropertyName [user.dir] PropertyValue [C:\Users\avirat.sharma\OneDrive - ION\Desktop\Work\LDP-Practice\LDP_Onboarding_Assignment\COOL_Onboarding_Activity]
01:42:34:894278|0052-JAVA::PropertyName [command_line] PropertyValue [[]]
01:42:34:894369|0062-PSH::VarName[eslib.low_load_factor],VarValue[1],Type[3],Desc[]
01:42:34:894388|0070-PSH::VarName[registerclientprotocolversion],VarValue[4],Type[3],Desc[]
01:42:34:894424|0050-PSH::VarName[logsasync],VarValue[1],Type[3],Desc[]
01:42:34:894437|0055-PSH::VarName[logcustomstats],VarValue[1],Type[3],Desc[]
01:42:34:894448|0061-PSH::VarName[publishonlyrecordset],VarValue[0],Type[3],Desc[]
01:42:34:894611|0055-PSH::VarName[CSHOST],VarValue[localhost],Type[3],Desc[]
01:42:34:894758|0052-PSH::VarName[negtimeout],VarValue[16],Type[3],Desc[]
01:42:34:894800|0057-PSH::VarName[winnative.enable],VarValue[1],Type[3],Desc[]
01:42:34:894816|0057-PSH::VarName[traces.broadcast],VarValue[1],Type[3],Desc[]
01:42:34:894828|0050-PSH::VarName[ent_source],VarValue[],Type[3],Desc[]
01:42:34:894839|0066-PSH::VarName[publish_exclude_originator],VarValue[],Type[3],Desc[]
01:42:34:894849|0047-PSH::VarName[LISTEN],VarValue[0],Type[3],Desc[]
01:42:34:894857|0055-PSH::VarName[publish_include],VarValue[],Type[3],Desc[]
01:42:34:894865|0055-PSH::VarName[drecorderscript],VarValue[],Type[3],Desc[]
01:42:34:894873|0058-PSH::VarName[resolve_hostnames],VarValue[0],Type[3],Desc[]
01:42:34:894881|0052-PSH::VarName[statime_sub],VarValue[1],Type[3],Desc[]
01:42:34:894888|0054-PSH::VarName[dtflowcontrol],VarValue[1],Type[3],Desc[]
01:42:34:894896|0069-PSH::VarName[connection_failure_threshold],VarValue[5],Type[3],Desc[]
01:42:34:895015|0055-PSH::VarName[drecorderextobj],VarValue[],Type[3],Desc[]
01:42:34:895027|0061-PSH::VarName[full_unicode_support],VarValue[1],Type[3],Desc[]
01:42:34:895036|0059-PSH::VarName[memoryalert.amber],VarValue[45],Type[3],Desc[]
01:42:34:895044|0049-PSH::VarName[logsdays],VarValue[2],Type[3],Desc[]
01:42:34:895231|0051-PSH::VarName[dtblocking],VarValue[1],Type[3],Desc[]
01:42:34:895251|0084-PSH::VarName[debug.eslib],VarValue[1],Type[3],Desc[Trace for ESLib queries on files]
01:42:34:895263|0050-PSH::VarName[gctrace],VarValue[all],Type[3],Desc[]
01:42:34:895273|0055-PSH::VarName[tcp_buffer],VarValue[65536],Type[3],Desc[]
01:42:34:895282|0053-PSH::VarName[syscomponent],VarValue[0],Type[3],Desc[]
01:42:34:895290|0053-PSH::VarName[MONITOR_PORT],VarValue[0],Type[3],Desc[]
01:42:34:895298|0049-PSH::VarName[calive],VarValue[240],Type[3],Desc[]
01:42:34:895306|0072-PSH::VarName[ignore_daemon_object_collisions],VarValue[1],Type[3],Desc[]
01:42:34:895314|0054-PSH::VarName[audit_enabled],VarValue[1],Type[3],Desc[]
01:42:34:895323|0056-PSH::VarName[filebuffer],VarValue[131072],Type[3],Desc[]
01:42:34:895331|0055-PSH::VarName[logsflushtime],VarValue[-1],Type[3],Desc[]
01:42:34:895337|0052-PSH::VarName[mindiskfree],VarValue[0],Type[3],Desc[]
01:42:34:895344|0059-PSH::VarName[deadlock_detection],VarValue[1],Type[3],Desc[]
01:42:34:895352|0056-PSH::VarName[logsasyncwait],VarValue[200],Type[3],Desc[]
01:42:34:895359|0060-PSH::VarName[keystore.client.path],VarValue[],Type[3],Desc[]
01:42:34:895367|0063-PSH::VarName[eslib.high_load_factor],VarValue[2],Type[3],Desc[]
01:42:34:895374|0059-PSH::VarName[tickdata.precision],VarValue[0],Type[3],Desc[]
01:42:34:895381|0056-PSH::VarName[keystores_path],VarValue[.\],Type[3],Desc[]
01:42:34:895389|0047-PSH::VarName[LOGSDIR],VarValue[],Type[3],Desc[]
01:42:34:895399|0057-PSH::VarName[memoryalert.red],VarValue[50],Type[3],Desc[]
01:42:34:895406|0071-PSH::VarName[object_collisions_report_time],VarValue[60],Type[3],Desc[]
01:42:34:895413|0043-PSH::VarName[www],VarValue[],Type[3],Desc[]
01:42:34:895420|0054-PSH::VarName[maxlogsize],VarValue[1024],Type[3],Desc[]
01:42:34:895427|0055-PSH::VarName[logsbuffersize],VarValue[1],Type[3],Desc[]
01:42:34:895434|0056-PSH::VarName[ent_reqtimeout],VarValue[60],Type[3],Desc[]
01:42:34:895442|0056-PSH::VarName[COMPONENT],VarValue[unknown],Type[3],Desc[]
01:42:34:895448|0049-PSH::VarName[statime],VarValue[60],Type[3],Desc[]
01:42:34:895455|0064-PSH::VarName[chain.contentsub.enable],VarValue[0],Type[3],Desc[]
01:42:34:895462|0053-PSH::VarName[cidletimeout],VarValue[5],Type[3],Desc[]
01:42:34:895470|0075-PSH::VarName[ignore_like_type_object_collisions],VarValue[1],Type[3],Desc[]
01:42:34:895477|0073-PSH::VarName[data_dictionary.initial_size],VarValue[15000],Type[3],Desc[]
01:42:34:895484|0053-PSH::VarName[logformat],VarValue[utf8],Type[3],Desc[]
01:42:34:895491|0060-PSH::VarName[cpustat_threshold],VarValue[100],Type[3],Desc[]
01:42:34:895498|0049-PSH::VarName[usemsecs],VarValue[1],Type[3],Desc[]
01:42:34:895520|0059-PSH::VarName[eslib.custom_stats],VarValue[0],Type[3],Desc[]
01:42:34:895550|0049-PSH::VarName[rtdelay],VarValue[60],Type[3],Desc[]
01:42:34:895568|0055-PSH::VarName[maxqueuesize],VarValue[128],Type[3],Desc[]
01:42:34:895577|0064-PSH::VarName[audit_source],VarValue[AUDIT_SERVER],Type[3],Desc[]
01:42:34:895587|0050-PSH::VarName[csretry],VarValue[300],Type[3],Desc[]
01:42:34:895918|0054-PSH::VarName[dtblocksize],VarValue[256],Type[3],Desc[]
01:42:34:895931|0055-PSH::VarName[drecorderownobj],VarValue[],Type[3],Desc[]
01:42:34:895943|0051-PSH::VarName[maxdelay],VarValue[200],Type[3],Desc[]
01:42:34:895960|0076-PSH::VarName[ultra_low_latency.driver_timeout],VarValue[5000],Type[3],Desc[]
01:42:34:895973|0052-PSH::VarName[redirstderr],VarValue[1],Type[3],Desc[]
01:42:34:895981|0055-PSH::VarName[security_level],VarValue[0],Type[3],Desc[]
01:42:34:895989|0074-PSH::VarName[adaptlog.mindiskthroughput],VarValue[50000000],Type[3],Desc[]
01:42:34:895999|0052-PSH::VarName[dlocalscript],VarValue[],Type[3],Desc[]
01:42:34:896008|0054-PSH::VarName[audit_journal],VarValue[1],Type[3],Desc[]
01:42:34:896017|0075-PSH::VarName[trace_dt],VarValue[10],Type[3],Desc[Data Transfer trace level]
01:42:34:896025|0054-PSH::VarName[stack_on_stop],VarValue[0],Type[3],Desc[]
01:42:34:896033|0052-PSH::VarName[dtflushtime],VarValue[2],Type[3],Desc[]
01:42:34:896042|0051-PSH::VarName[dtsyncsend],VarValue[0],Type[3],Desc[]
01:42:34:896050|0064-PSH::VarName[applicationlogsthreadid],VarValue[1],Type[3],Desc[]
01:42:34:896058|0060-PSH::VarName[keystore.server.path],VarValue[],Type[3],Desc[]
01:42:34:896065|0054-PSH::VarName[listenbacklog],VarValue[0],Type[3],Desc[]
01:42:34:896072|0052-PSH::VarName[dinputscript],VarValue[],Type[3],Desc[]
01:42:34:896079|0057-PSH::VarName[e2enative.enable],VarValue[1],Type[3],Desc[]
01:42:34:896086|0049-PSH::VarName[dblogerr],VarValue[0],Type[3],Desc[]
01:42:34:896093|0052-PSH::VarName[debug.supply],VarValue[],Type[3],Desc[]
01:42:34:896099|0052-PSH::VarName[tcp_nodelay],VarValue[1],Type[3],Desc[]
01:42:34:896116|0056-PSH::VarName[eslib.pool_size],VarValue[4],Type[3],Desc[]
01:42:34:896126|0046-PSH::VarName[server],VarValue[],Type[3],Desc[]
01:42:34:896133|0054-PSH::VarName[logsoutput],VarValue[file],Type[3],Desc[]
01:42:34:896141|0048-PSH::VarName[wwwport],VarValue[0],Type[3],Desc[]
01:42:34:896167|0066-PSH::VarName[publish_include_originator],VarValue[],Type[3],Desc[]
01:42:34:896304|0064-PSH::VarName[adaptlog.maxsyncwait],VarValue[2000],Type[3],Desc[]
01:42:34:896333|0054-PSH::VarName[MULTI_INSTANCE],VarValue[],Type[3],Desc[]
01:42:34:896350|0051-PSH::VarName[USER],VarValue[unknown],Type[3],Desc[]
01:42:34:896384|0062-PSH::VarName[debug],VarValue[100],Type[3],Desc[Trace on files]
01:42:34:896432|0055-PSH::VarName[publish_exclude],VarValue[],Type[3],Desc[]
01:42:34:896452|0045-PSH::VarName[DBDIR],VarValue[],Type[3],Desc[]
01:42:34:896474|0053-PSH::VarName[userecordset],VarValue[0],Type[3],Desc[]
01:42:34:896488|0058-PSH::VarName[ultra_low_latency],VarValue[0],Type[3],Desc[]
01:42:34:896512|0049-PSH::VarName[ctimeout],VarValue[5],Type[3],Desc[]
01:42:34:896523|0051-PSH::VarName[CSPORT],VarValue[13000],Type[3],Desc[]
01:42:34:896532|0049-PSH::VarName[ENABLESSL],VarValue[],Type[3],Desc[]
01:42:35:900806|0055-PSH::VarName[log_threadname],VarValue[0],Type[3],Desc[]
01:42:35:900875|0055-PSH::VarName[log_name],VarValue[unknown],Type[3],Desc[]
01:42:35:901439|0055-PSH::VarName[log_threshold],VarValue[10],Type[3],Desc[]
01:42:36:117373|0079-PSH::VarName[readiness.cluster_notification.enabled],VarValue[1],Type[3],Desc[]
01:42:36:117936|0068-PSH::VarName[insight.file_export.enabled],VarValue[1],Type[3],Desc[]
01:42:36:118961|0068-PSH::VarName[executor.monitoring.enabled],VarValue[1],Type[3],Desc[]
01:42:36:119007|0086-PSH::VarName[executor.monitoring.show_locked_synchronizers],VarValue[0],Type[3],Desc[]
01:42:36:119144|0074-PSH::VarName[insight.prometheus.exporter.port],VarValue[-1],Type[3],Desc[]
01:42:36:119180|0080-PSH::VarName[executor.monitoring.warning_threshold],VarValue[120],Type[3],Desc[]
01:42:36:119268|0063-PSH::VarName[resource_probe.enabled],VarValue[1],Type[3],Desc[]
01:42:36:119301|0075-PSH::VarName[executor.monitoring.poll_interval],VarValue[60],Type[3],Desc[]
01:42:36:119335|0077-PSH::VarName[application_server.plugins_dir],VarValue[plugins],Type[3],Desc[]
01:42:36:119432|0051-PSH::VarName[currency],VarValue[ALL],Type[3],Desc[]
01:42:36:119468|0077-PSH::VarName[executor.monitoring.dump_interval],VarValue[3600],Type[3],Desc[]
01:42:36:119761|0070-PSH::VarName[executor.core.keepalive_time],VarValue[-1],Type[3],Desc[]
01:42:36:119873|0065-PSH::VarName[executor.core.pool_size],VarValue[-1],Type[3],Desc[]
01:42:36:119909|0052-PSH::VarName[source],VarValue[SOURCE],Type[3],Desc[]
01:42:36:119990|0069-PSH::VarName[insight.metric_set.black_list],VarValue[],Type[3],Desc[]
01:42:36:120029|0069-PSH::VarName[executor.core.max_pool_size],VarValue[-1],Type[3],Desc[]
01:42:36:120063|0058-PSH::VarName[readiness.enabled],VarValue[1],Type[3],Desc[]
01:42:36:120092|0056-PSH::VarName[insight.enabled],VarValue[1],Type[3],Desc[]
01:44:31:550808|0029-PSH::Tinfo UTCOffset {+05:30}
01:44:31:550859|0056-JAVA::PropertyName [java.version] PropertyValue [23.0.2]
01:44:31:550874|0067-JAVA::PropertyName [java.vendor] PropertyValue [Oracle Corporation]
01:44:31:550886|0077-JAVA::PropertyName [java.vendor.url] PropertyValue [https://java.oracle.com/]
01:44:31:550897|0075-JAVA::PropertyName [java.home] PropertyValue [C:\Program Files\Java\jdk-23]
01:44:31:550905|0069-JAVA::PropertyName [java.vm.specification.version] PropertyValue [23]
01:44:31:550917|0084-JAVA::PropertyName [java.vm.specification.vendor] PropertyValue [Oracle Corporation]
01:44:31:550926|0098-JAVA::PropertyName [java.vm.specification.name] PropertyValue [Java Virtual Machine Specification]
01:44:31:550933|0064-JAVA::PropertyName [java.vm.version] PropertyValue [23.0.2+7-58]
01:44:31:550939|0070-JAVA::PropertyName [java.vm.vendor] PropertyValue [Oracle Corporation]
01:44:31:550946|0083-JAVA::PropertyName [java.vm.name] PropertyValue [Java HotSpot(TM) 64-Bit Server VM]
01:44:31:550953|0066-JAVA::PropertyName [java.specification.version] PropertyValue [23]
01:44:31:551031|0081-JAVA::PropertyName [java.specification.vendor] PropertyValue [Oracle Corporation]
01:44:31:551039|0092-JAVA::PropertyName [java.specification.name] PropertyValue [Java Platform API Specification]
01:44:31:551046|0060-JAVA::PropertyName [java.class.version] PropertyValue [67.0]
01:44:31:551053|0101-JAVA::PropertyName [java.class.path] PropertyValue [target/COOL_Onboarding_Activity-1.0-SNAPSHOT.jar]
01:44:31:551061|2310-JAVA::PropertyName [java.library.path] PropertyValue [C:\Program Files\Java\jdk-23\bin;C:\WINDOWS\Sun\Java\bin;C:\WINDOWS\system32;C:\WINDOWS;C:\Python313\Scripts\;C:\Python313\;C:\Program Files\Common Files\Oracle\Java\javapath;C:\Program Files (x86)\Common Files\Oracle\Java\java8path;C:\Program Files (x86)\Common Files\Oracle\Java\javapath;C:\Program Files\Eclipse Adoptium\jdk-21.0.6.7-hotspot\bin;C:\WINDOWS\system32;C:\WINDOWS;C:\WINDOWS\System32\Wbem;C:\WINDOWS\System32\WindowsPowerShell\v1.0\;C:\WINDOWS\System32\OpenSSH\;C:\Program Files\dotnet\;C:\Program Files\Microsoft VS Code\bin;C:\Program Files\Git\cmd;C:\Program Files\PowerShell\7\;C:\Users\avirat.sharma\OneDrive - ION\Desktop\Work\terraform_1.10.5_windows_amd64\terraform.exe;C:\Program Files\Amazon\AWSCLIV2\;C:\Users\avirat.sharma\OneDrive - ION\Desktop\Work\apache-maven-3.9.9-bin\apache-maven-3.9.9\bin;C:\Program Files\Java\jdk-23\bin;C:\ProgramData\chocolatey\bin;C:\Users\avirat.sharma\AppData\Roaming\Python\Python313\Scripts;C:\Users\avirat.sharma\OneDrive - ION\Desktop\Work\ION-Group\ION-Installer\AutoConfX1.6.4-p3d1\bin;C:\Program Files\Java\jdk-11\bin;C:\Program Files\nodejs\;C:\Program Files\Docker\Docker\resources\bin;C:\Program Files\Java\jdk-17\bin;C:\Python313\Scripts\;C:\Python313\;C:\Program Files\Common Files\Oracle\Java\javapath;C:\Program Files (x86)\Common Files\Oracle\Java\java8path;C:\Program Files (x86)\Common Files\Oracle\Java\javapath;C:\Program Files\Eclipse Adoptium\jdk-21.0.6.7-hotspot\bin;C:\WINDOWS\system32;C:\WINDOWS;C:\WINDOWS\System32\Wbem;C:\WINDOWS\System32\WindowsPowerShell\v1.0\;C:\WINDOWS\System32\OpenSSH\;C:\Program Files\dotnet\;C:\Program Files\Microsoft VS Code\bin;C:\Program Files\Git\cmd;C:\Program Files\PowerShell\7\;C:\Users\avirat.sharma\OneDrive - ION\Desktop\Work\terraform_1.10.5_windows_amd64\terraform.exe;C:\Program Files\Amazon\AWSCLIV2\;C:\Users\avirat.sharma\OneDrive - ION\Desktop\Work\apache-maven-3.9.9-bin\apache-maven-3.9.9\bin;C:\Program Files\Java\jdk-23\bin;C:\ProgramData\chocolatey\bin;C:\Users\avirat.sharma\AppData\Roaming\Python\Python313\Scripts;C:\Users\avirat.sharma\OneDrive - ION\Desktop\Work\ION-Group\ION-Installer\AutoConfX1.6.4-p3d1\bin;C:\Program Files\Java\jdk-11\bin;C:\Program Files\nodejs\;C:\Program Files\Docker\Docker\resources\bin;;.]
01:44:31:551085|0093-JAVA::PropertyName [java.io.tmpdir] PropertyValue [C:\Users\AVIRAT~1.SHA\AppData\Local\Temp\]
01:44:31:551108|0055-JAVA::PropertyName [java.compiler] PropertyValue [null]
01:44:31:551118|0055-JAVA::PropertyName [java.ext.dirs] PropertyValue [null]
01:44:31:551125|0055-JAVA::PropertyName [os.name] PropertyValue [Windows 11]
01:44:31:551131|0050-JAVA::PropertyName [os.arch] PropertyValue [amd64]
01:44:31:551138|0052-JAVA::PropertyName [os.version] PropertyValue [10.0]
01:44:31:551144|0053-JAVA::PropertyName [file.separator] PropertyValue [\]
01:44:31:551150|0053-JAVA::PropertyName [path.separator] PropertyValue [;]
01:44:31:551156|0054-JAVA::PropertyName [line.separator] PropertyValue [
]
01:44:31:551162|0060-JAVA::PropertyName [user.name] PropertyValue [avirat.sharma]
01:44:31:551169|0069-JAVA::PropertyName [user.home] PropertyValue [C:\Users\avirat.sharma]
01:44:31:551175|0160-JAVA::PropertyName [user.dir] PropertyValue [C:\Users\avirat.sharma\OneDrive - ION\Desktop\Work\LDP-Practice\LDP_Onboarding_Assignment\COOL_Onboarding_Activity]
01:44:31:551369|0052-JAVA::PropertyName [command_line] PropertyValue [[]]
01:44:31:551414|0062-PSH::VarName[eslib.low_load_factor],VarValue[1],Type[3],Desc[]
01:44:31:551428|0070-PSH::VarName[registerclientprotocolversion],VarValue[4],Type[3],Desc[]
01:44:31:551438|0050-PSH::VarName[logsasync],VarValue[1],Type[3],Desc[]
01:44:31:551446|0055-PSH::VarName[logcustomstats],VarValue[1],Type[3],Desc[]
01:44:31:551477|0061-PSH::VarName[publishonlyrecordset],VarValue[0],Type[3],Desc[]
01:44:31:551490|0055-PSH::VarName[CSHOST],VarValue[127.0.0.1],Type[1],Desc[]
01:44:31:551500|0052-PSH::VarName[negtimeout],VarValue[16],Type[3],Desc[]
01:44:31:551507|0057-PSH::VarName[winnative.enable],VarValue[1],Type[3],Desc[]
01:44:31:551514|0057-PSH::VarName[traces.broadcast],VarValue[1],Type[3],Desc[]
01:44:31:551521|0050-PSH::VarName[ent_source],VarValue[],Type[3],Desc[]
01:44:31:551528|0066-PSH::VarName[publish_exclude_originator],VarValue[],Type[3],Desc[]
01:44:31:551535|0047-PSH::VarName[LISTEN],VarValue[0],Type[3],Desc[]
01:44:31:551542|0055-PSH::VarName[publish_include],VarValue[],Type[3],Desc[]
01:44:31:551550|0055-PSH::VarName[drecorderscript],VarValue[],Type[3],Desc[]
01:44:31:551557|0058-PSH::VarName[resolve_hostnames],VarValue[0],Type[3],Desc[]
01:44:31:551564|0052-PSH::VarName[statime_sub],VarValue[1],Type[3],Desc[]
01:44:31:551571|0054-PSH::VarName[dtflowcontrol],VarValue[1],Type[3],Desc[]
01:44:31:551579|0069-PSH::VarName[connection_failure_threshold],VarValue[5],Type[3],Desc[]
01:44:31:551586|0055-PSH::VarName[drecorderextobj],VarValue[],Type[3],Desc[]
01:44:31:551593|0061-PSH::VarName[full_unicode_support],VarValue[1],Type[3],Desc[]
01:44:31:551600|0059-PSH::VarName[memoryalert.amber],VarValue[45],Type[3],Desc[]
01:44:31:551609|0049-PSH::VarName[logsdays],VarValue[2],Type[3],Desc[]
01:44:31:551616|0051-PSH::VarName[dtblocking],VarValue[1],Type[3],Desc[]
01:44:31:551623|0084-PSH::VarName[debug.eslib],VarValue[1],Type[3],Desc[Trace for ESLib queries on files]
01:44:31:551636|0050-PSH::VarName[gctrace],VarValue[all],Type[3],Desc[]
01:44:31:551646|0055-PSH::VarName[tcp_buffer],VarValue[65536],Type[3],Desc[]
01:44:31:551653|0053-PSH::VarName[syscomponent],VarValue[0],Type[3],Desc[]
01:44:31:551660|0053-PSH::VarName[MONITOR_PORT],VarValue[0],Type[3],Desc[]
01:44:31:551667|0049-PSH::VarName[calive],VarValue[240],Type[3],Desc[]
01:44:31:551675|0072-PSH::VarName[ignore_daemon_object_collisions],VarValue[1],Type[3],Desc[]
01:44:31:551682|0054-PSH::VarName[audit_enabled],VarValue[1],Type[3],Desc[]
01:44:31:551688|0056-PSH::VarName[filebuffer],VarValue[131072],Type[3],Desc[]
01:44:31:551696|0055-PSH::VarName[logsflushtime],VarValue[-1],Type[3],Desc[]
01:44:31:551702|0052-PSH::VarName[mindiskfree],VarValue[0],Type[3],Desc[]
01:44:31:551709|0059-PSH::VarName[deadlock_detection],VarValue[1],Type[3],Desc[]
01:44:31:551716|0056-PSH::VarName[logsasyncwait],VarValue[200],Type[3],Desc[]
01:44:31:551723|0060-PSH::VarName[keystore.client.path],VarValue[],Type[3],Desc[]
01:44:31:551730|0063-PSH::VarName[eslib.high_load_factor],VarValue[2],Type[3],Desc[]
01:44:31:551737|0059-PSH::VarName[tickdata.precision],VarValue[0],Type[3],Desc[]
01:44:31:551744|0056-PSH::VarName[keystores_path],VarValue[.\],Type[3],Desc[]
01:44:31:551750|0047-PSH::VarName[LOGSDIR],VarValue[],Type[3],Desc[]
01:44:31:551757|0057-PSH::VarName[memoryalert.red],VarValue[50],Type[3],Desc[]
01:44:31:551764|0071-PSH::VarName[object_collisions_report_time],VarValue[60],Type[3],Desc[]
01:44:31:551771|0043-PSH::VarName[www],VarValue[],Type[3],Desc[]
01:44:31:551777|0054-PSH::VarName[maxlogsize],VarValue[1024],Type[3],Desc[]
01:44:31:551784|0055-PSH::VarName[logsbuffersize],VarValue[1],Type[3],Desc[]
01:44:31:551791|0056-PSH::VarName[ent_reqtimeout],VarValue[60],Type[3],Desc[]
01:44:31:551798|0055-PSH::VarName[COMPONENT],VarValue[Avirat],Type[1],Desc[]
01:44:31:551805|0049-PSH::VarName[statime],VarValue[60],Type[3],Desc[]
01:44:31:551812|0064-PSH::VarName[chain.contentsub.enable],VarValue[0],Type[3],Desc[]
01:44:31:551819|0053-PSH::VarName[cidletimeout],VarValue[5],Type[3],Desc[]
01:44:31:551827|0075-PSH::VarName[ignore_like_type_object_collisions],VarValue[1],Type[3],Desc[]
01:44:31:551834|0073-PSH::VarName[data_dictionary.initial_size],VarValue[15000],Type[3],Desc[]
01:44:31:551841|0053-PSH::VarName[logformat],VarValue[utf8],Type[3],Desc[]
01:44:31:551848|0060-PSH::VarName[cpustat_threshold],VarValue[100],Type[3],Desc[]
01:44:31:551889|0049-PSH::VarName[usemsecs],VarValue[1],Type[3],Desc[]
01:44:31:551900|0059-PSH::VarName[eslib.custom_stats],VarValue[0],Type[3],Desc[]
01:44:31:551908|0049-PSH::VarName[rtdelay],VarValue[60],Type[3],Desc[]
01:44:31:551915|0055-PSH::VarName[maxqueuesize],VarValue[128],Type[3],Desc[]
01:44:31:551922|0064-PSH::VarName[audit_source],VarValue[AUDIT_SERVER],Type[3],Desc[]
01:44:31:551929|0050-PSH::VarName[csretry],VarValue[300],Type[3],Desc[]
01:44:31:551935|0054-PSH::VarName[dtblocksize],VarValue[256],Type[3],Desc[]
01:44:31:551944|0055-PSH::VarName[drecorderownobj],VarValue[],Type[3],Desc[]
01:44:31:551952|0051-PSH::VarName[maxdelay],VarValue[200],Type[3],Desc[]
01:44:31:551959|0076-PSH::VarName[ultra_low_latency.driver_timeout],VarValue[5000],Type[3],Desc[]
01:44:31:551968|0052-PSH::VarName[redirstderr],VarValue[1],Type[3],Desc[]
01:44:31:551975|0055-PSH::VarName[security_level],VarValue[0],Type[3],Desc[]
01:44:31:551982|0074-PSH::VarName[adaptlog.mindiskthroughput],VarValue[50000000],Type[3],Desc[]
01:44:31:551990|0052-PSH::VarName[dlocalscript],VarValue[],Type[3],Desc[]
01:44:31:551997|0054-PSH::VarName[audit_journal],VarValue[1],Type[3],Desc[]
01:44:31:552004|0075-PSH::VarName[trace_dt],VarValue[10],Type[3],Desc[Data Transfer trace level]
01:44:31:552011|0054-PSH::VarName[stack_on_stop],VarValue[0],Type[3],Desc[]
01:44:31:552018|0052-PSH::VarName[dtflushtime],VarValue[2],Type[3],Desc[]
01:44:31:552024|0051-PSH::VarName[dtsyncsend],VarValue[0],Type[3],Desc[]
01:44:31:552031|0064-PSH::VarName[applicationlogsthreadid],VarValue[1],Type[3],Desc[]
01:44:31:552037|0060-PSH::VarName[keystore.server.path],VarValue[],Type[3],Desc[]
01:44:31:552044|0054-PSH::VarName[listenbacklog],VarValue[0],Type[3],Desc[]
01:44:31:552051|0052-PSH::VarName[dinputscript],VarValue[],Type[3],Desc[]
01:44:31:552058|0057-PSH::VarName[e2enative.enable],VarValue[1],Type[3],Desc[]
01:44:31:552065|0049-PSH::VarName[dblogerr],VarValue[0],Type[3],Desc[]
01:44:31:552072|0052-PSH::VarName[debug.supply],VarValue[],Type[3],Desc[]
01:44:31:552079|0052-PSH::VarName[tcp_nodelay],VarValue[1],Type[3],Desc[]
01:44:31:552085|0056-PSH::VarName[eslib.pool_size],VarValue[4],Type[3],Desc[]
01:44:31:552092|0046-PSH::VarName[server],VarValue[],Type[3],Desc[]
01:44:31:552099|0054-PSH::VarName[logsoutput],VarValue[file],Type[3],Desc[]
01:44:31:552106|0048-PSH::VarName[wwwport],VarValue[0],Type[3],Desc[]
01:44:31:552200|0066-PSH::VarName[publish_include_originator],VarValue[],Type[3],Desc[]
01:44:31:552502|0064-PSH::VarName[adaptlog.maxsyncwait],VarValue[2000],Type[3],Desc[]
01:44:31:552557|0054-PSH::VarName[MULTI_INSTANCE],VarValue[],Type[3],Desc[]
01:44:31:552644|0047-PSH::VarName[USER],VarValue[mkv],Type[1],Desc[]
01:44:31:552697|0062-PSH::VarName[debug],VarValue[100],Type[3],Desc[Trace on files]
01:44:31:552722|0055-PSH::VarName[publish_exclude],VarValue[],Type[3],Desc[]
01:44:31:552733|0045-PSH::VarName[DBDIR],VarValue[],Type[3],Desc[]
01:44:31:552742|0053-PSH::VarName[userecordset],VarValue[0],Type[3],Desc[]
01:44:31:552752|0058-PSH::VarName[ultra_low_latency],VarValue[0],Type[3],Desc[]
01:44:31:552760|0049-PSH::VarName[ctimeout],VarValue[5],Type[3],Desc[]
01:44:31:552767|0051-PSH::VarName[CSPORT],VarValue[13000],Type[1],Desc[]
01:44:31:552773|0049-PSH::VarName[ENABLESSL],VarValue[],Type[3],Desc[]
01:44:32:612586|0055-PSH::VarName[log_threadname],VarValue[0],Type[3],Desc[]
01:44:32:612650|0054-PSH::VarName[log_name],VarValue[Avirat],Type[3],Desc[]
01:44:32:613092|0055-PSH::VarName[log_threshold],VarValue[10],Type[3],Desc[]
01:44:32:813525|0059-PSH::VarName[source],VarValue[Avirat_Source],Type[1],Desc[]
01:44:32:813748|0056-PSH::VarName[insight.enabled],VarValue[1],Type[3],Desc[]
01:44:32:814793|0063-PSH::VarName[resource_probe.enabled],VarValue[1],Type[3],Desc[]
01:44:32:815564|0068-PSH::VarName[insight.file_export.enabled],VarValue[1],Type[3],Desc[]
01:44:32:815616|0075-PSH::VarName[executor.monitoring.poll_interval],VarValue[60],Type[3],Desc[]
01:44:32:815715|0086-PSH::VarName[executor.monitoring.show_locked_synchronizers],VarValue[0],Type[3],Desc[]
01:44:32:815820|0069-PSH::VarName[insight.metric_set.black_list],VarValue[],Type[3],Desc[]
01:44:32:815915|0077-PSH::VarName[executor.monitoring.dump_interval],VarValue[3600],Type[3],Desc[]
01:44:32:816282|0065-PSH::VarName[executor.core.pool_size],VarValue[-1],Type[3],Desc[]
01:44:32:816393|0070-PSH::VarName[executor.core.keepalive_time],VarValue[-1],Type[3],Desc[]
01:44:32:816424|0079-PSH::VarName[readiness.cluster_notification.enabled],VarValue[1],Type[3],Desc[]
01:44:32:816454|0058-PSH::VarName[readiness.enabled],VarValue[1],Type[3],Desc[]
01:44:32:816483|0069-PSH::VarName[executor.core.max_pool_size],VarValue[-1],Type[3],Desc[]
01:44:32:816507|0068-PSH::VarName[executor.monitoring.enabled],VarValue[1],Type[3],Desc[]
01:44:32:816531|0077-PSH::VarName[application_server.plugins_dir],VarValue[plugins],Type[3],Desc[]
01:44:32:816658|0080-PSH::VarName[executor.monitoring.warning_threshold],VarValue[120],Type[3],Desc[]
01:44:32:816783|0074-PSH::VarName[insight.prometheus.exporter.port],VarValue[-1],Type[3],Desc[]
01:44:32:816818|0051-PSH::VarName[currency],VarValue[ALL],Type[3],Desc[]
01:45:55:501212|0029-PSH::Tinfo UTCOffset {+05:30}
01:45:55:501260|0056-JAVA::PropertyName [java.version] PropertyValue [23.0.2]
01:45:55:501275|0067-JAVA::PropertyName [java.vendor] PropertyValue [Oracle Corporation]
01:45:55:501287|0077-JAVA::PropertyName [java.vendor.url] PropertyValue [https://java.oracle.com/]
01:45:55:501298|0075-JAVA::PropertyName [java.home] PropertyValue [C:\Program Files\Java\jdk-23]
01:45:55:501308|0069-JAVA::PropertyName [java.vm.specification.version] PropertyValue [23]
01:45:55:501316|0084-JAVA::PropertyName [java.vm.specification.vendor] PropertyValue [Oracle Corporation]
01:45:55:501324|0098-JAVA::PropertyName [java.vm.specification.name] PropertyValue [Java Virtual Machine Specification]
01:45:55:501331|0064-JAVA::PropertyName [java.vm.version] PropertyValue [23.0.2+7-58]
01:45:55:501337|0070-JAVA::PropertyName [java.vm.vendor] PropertyValue [Oracle Corporation]
01:45:55:501344|0083-JAVA::PropertyName [java.vm.name] PropertyValue [Java HotSpot(TM) 64-Bit Server VM]
01:45:55:501351|0066-JAVA::PropertyName [java.specification.version] PropertyValue [23]
01:45:55:501357|0081-JAVA::PropertyName [java.specification.vendor] PropertyValue [Oracle Corporation]
01:45:55:501364|0092-JAVA::PropertyName [java.specification.name] PropertyValue [Java Platform API Specification]
01:45:55:501370|0060-JAVA::PropertyName [java.class.version] PropertyValue [67.0]
01:45:55:501377|0101-JAVA::PropertyName [java.class.path] PropertyValue [target/COOL_Onboarding_Activity-1.0-SNAPSHOT.jar]
01:45:55:501385|2310-JAVA::PropertyName [java.library.path] PropertyValue [C:\Program Files\Java\jdk-23\bin;C:\WINDOWS\Sun\Java\bin;C:\WINDOWS\system32;C:\WINDOWS;C:\Python313\Scripts\;C:\Python313\;C:\Program Files\Common Files\Oracle\Java\javapath;C:\Program Files (x86)\Common Files\Oracle\Java\java8path;C:\Program Files (x86)\Common Files\Oracle\Java\javapath;C:\Program Files\Eclipse Adoptium\jdk-21.0.6.7-hotspot\bin;C:\WINDOWS\system32;C:\WINDOWS;C:\WINDOWS\System32\Wbem;C:\WINDOWS\System32\WindowsPowerShell\v1.0\;C:\WINDOWS\System32\OpenSSH\;C:\Program Files\dotnet\;C:\Program Files\Microsoft VS Code\bin;C:\Program Files\Git\cmd;C:\Program Files\PowerShell\7\;C:\Users\avirat.sharma\OneDrive - ION\Desktop\Work\terraform_1.10.5_windows_amd64\terraform.exe;C:\Program Files\Amazon\AWSCLIV2\;C:\Users\avirat.sharma\OneDrive - ION\Desktop\Work\apache-maven-3.9.9-bin\apache-maven-3.9.9\bin;C:\Program Files\Java\jdk-23\bin;C:\ProgramData\chocolatey\bin;C:\Users\avirat.sharma\AppData\Roaming\Python\Python313\Scripts;C:\Users\avirat.sharma\OneDrive - ION\Desktop\Work\ION-Group\ION-Installer\AutoConfX1.6.4-p3d1\bin;C:\Program Files\Java\jdk-11\bin;C:\Program Files\nodejs\;C:\Program Files\Docker\Docker\resources\bin;C:\Program Files\Java\jdk-17\bin;C:\Python313\Scripts\;C:\Python313\;C:\Program Files\Common Files\Oracle\Java\javapath;C:\Program Files (x86)\Common Files\Oracle\Java\java8path;C:\Program Files (x86)\Common Files\Oracle\Java\javapath;C:\Program Files\Eclipse Adoptium\jdk-21.0.6.7-hotspot\bin;C:\WINDOWS\system32;C:\WINDOWS;C:\WINDOWS\System32\Wbem;C:\WINDOWS\System32\WindowsPowerShell\v1.0\;C:\WINDOWS\System32\OpenSSH\;C:\Program Files\dotnet\;C:\Program Files\Microsoft VS Code\bin;C:\Program Files\Git\cmd;C:\Program Files\PowerShell\7\;C:\Users\avirat.sharma\OneDrive - ION\Desktop\Work\terraform_1.10.5_windows_amd64\terraform.exe;C:\Program Files\Amazon\AWSCLIV2\;C:\Users\avirat.sharma\OneDrive - ION\Desktop\Work\apache-maven-3.9.9-bin\apache-maven-3.9.9\bin;C:\Program Files\Java\jdk-23\bin;C:\ProgramData\chocolatey\bin;C:\Users\avirat.sharma\AppData\Roaming\Python\Python313\Scripts;C:\Users\avirat.sharma\OneDrive - ION\Desktop\Work\ION-Group\ION-Installer\AutoConfX1.6.4-p3d1\bin;C:\Program Files\Java\jdk-11\bin;C:\Program Files\nodejs\;C:\Program Files\Docker\Docker\resources\bin;;.]
01:45:55:501407|0093-JAVA::PropertyName [java.io.tmpdir] PropertyValue [C:\Users\AVIRAT~1.SHA\AppData\Local\Temp\]
01:45:55:501428|0055-JAVA::PropertyName [java.compiler] PropertyValue [null]
01:45:55:501438|0055-JAVA::PropertyName [java.ext.dirs] PropertyValue [null]
01:45:55:501447|0055-JAVA::PropertyName [os.name] PropertyValue [Windows 11]
01:45:55:501453|0050-JAVA::PropertyName [os.arch] PropertyValue [amd64]
01:45:55:501459|0052-JAVA::PropertyName [os.version] PropertyValue [10.0]
01:45:55:501465|0053-JAVA::PropertyName [file.separator] PropertyValue [\]
01:45:55:501471|0053-JAVA::PropertyName [path.separator] PropertyValue [;]
01:45:55:501477|0054-JAVA::PropertyName [line.separator] PropertyValue [
]
01:45:55:501558|0060-JAVA::PropertyName [user.name] PropertyValue [avirat.sharma]
01:45:55:501617|0069-JAVA::PropertyName [user.home] PropertyValue [C:\Users\avirat.sharma]
01:45:55:501634|0160-JAVA::PropertyName [user.dir] PropertyValue [C:\Users\avirat.sharma\OneDrive - ION\Desktop\Work\LDP-Practice\LDP_Onboarding_Assignment\COOL_Onboarding_Activity]
01:45:55:501922|0052-JAVA::PropertyName [command_line] PropertyValue [[]]
01:45:55:501990|0062-PSH::VarName[eslib.low_load_factor],VarValue[1],Type[3],Desc[]
01:45:55:502007|0070-PSH::VarName[registerclientprotocolversion],VarValue[4],Type[3],Desc[]
01:45:55:502020|0050-PSH::VarName[logsasync],VarValue[1],Type[3],Desc[]
01:45:55:502031|0055-PSH::VarName[logcustomstats],VarValue[1],Type[3],Desc[]
01:45:55:502040|0061-PSH::VarName[publishonlyrecordset],VarValue[0],Type[3],Desc[]
01:45:55:502049|0055-PSH::VarName[CSHOST],VarValue[127.0.0.1],Type[1],Desc[]
01:45:55:502060|0052-PSH::VarName[negtimeout],VarValue[16],Type[3],Desc[]
01:45:55:502067|0057-PSH::VarName[winnative.enable],VarValue[1],Type[3],Desc[]
01:45:55:502074|0057-PSH::VarName[traces.broadcast],VarValue[1],Type[3],Desc[]
01:45:55:502081|0050-PSH::VarName[ent_source],VarValue[],Type[3],Desc[]
01:45:55:502088|0066-PSH::VarName[publish_exclude_originator],VarValue[],Type[3],Desc[]
01:45:55:502097|0047-PSH::VarName[LISTEN],VarValue[0],Type[3],Desc[]
01:45:55:502104|0055-PSH::VarName[publish_include],VarValue[],Type[3],Desc[]
01:45:55:502111|0055-PSH::VarName[drecorderscript],VarValue[],Type[3],Desc[]
01:45:55:502121|0058-PSH::VarName[resolve_hostnames],VarValue[0],Type[3],Desc[]
01:45:55:502128|0052-PSH::VarName[statime_sub],VarValue[1],Type[3],Desc[]
01:45:55:502135|0054-PSH::VarName[dtflowcontrol],VarValue[1],Type[3],Desc[]
01:45:55:502142|0069-PSH::VarName[connection_failure_threshold],VarValue[5],Type[3],Desc[]
01:45:55:502150|0055-PSH::VarName[drecorderextobj],VarValue[],Type[3],Desc[]
01:45:55:502157|0061-PSH::VarName[full_unicode_support],VarValue[1],Type[3],Desc[]
01:45:55:502164|0059-PSH::VarName[memoryalert.amber],VarValue[45],Type[3],Desc[]
01:45:55:502172|0049-PSH::VarName[logsdays],VarValue[2],Type[3],Desc[]
01:45:55:502179|0051-PSH::VarName[dtblocking],VarValue[1],Type[3],Desc[]
01:45:55:502186|0084-PSH::VarName[debug.eslib],VarValue[1],Type[3],Desc[Trace for ESLib queries on files]
01:45:55:502194|0050-PSH::VarName[gctrace],VarValue[all],Type[3],Desc[]
01:45:55:502201|0055-PSH::VarName[tcp_buffer],VarValue[65536],Type[3],Desc[]
01:45:55:502208|0053-PSH::VarName[syscomponent],VarValue[0],Type[3],Desc[]
01:45:55:502215|0053-PSH::VarName[MONITOR_PORT],VarValue[0],Type[3],Desc[]
01:45:55:502222|0049-PSH::VarName[calive],VarValue[240],Type[3],Desc[]
01:45:55:502229|0072-PSH::VarName[ignore_daemon_object_collisions],VarValue[1],Type[3],Desc[]
01:45:55:502236|0054-PSH::VarName[audit_enabled],VarValue[1],Type[3],Desc[]
01:45:55:502242|0056-PSH::VarName[filebuffer],VarValue[131072],Type[3],Desc[]
01:45:55:502249|0055-PSH::VarName[logsflushtime],VarValue[-1],Type[3],Desc[]
01:45:55:502255|0052-PSH::VarName[mindiskfree],VarValue[0],Type[3],Desc[]
01:45:55:502262|0059-PSH::VarName[deadlock_detection],VarValue[1],Type[3],Desc[]
01:45:55:502269|0056-PSH::VarName[logsasyncwait],VarValue[200],Type[3],Desc[]
01:45:55:502275|0060-PSH::VarName[keystore.client.path],VarValue[],Type[3],Desc[]
01:45:55:502283|0063-PSH::VarName[eslib.high_load_factor],VarValue[2],Type[3],Desc[]
01:45:55:502290|0059-PSH::VarName[tickdata.precision],VarValue[0],Type[3],Desc[]
01:45:55:502297|0056-PSH::VarName[keystores_path],VarValue[.\],Type[3],Desc[]
01:45:55:502303|0047-PSH::VarName[LOGSDIR],VarValue[],Type[3],Desc[]
01:45:55:502311|0057-PSH::VarName[memoryalert.red],VarValue[50],Type[3],Desc[]
01:45:55:502318|0071-PSH::VarName[object_collisions_report_time],VarValue[60],Type[3],Desc[]
01:45:55:502324|0043-PSH::VarName[www],VarValue[],Type[3],Desc[]
01:45:55:502331|0054-PSH::VarName[maxlogsize],VarValue[1024],Type[3],Desc[]
01:45:55:502337|0055-PSH::VarName[logsbuffersize],VarValue[1],Type[3],Desc[]
01:45:55:502343|0056-PSH::VarName[ent_reqtimeout],VarValue[60],Type[3],Desc[]
01:45:55:502350|0055-PSH::VarName[COMPONENT],VarValue[Avirat],Type[1],Desc[]
01:45:55:502356|0049-PSH::VarName[statime],VarValue[60],Type[3],Desc[]
01:45:55:502363|0064-PSH::VarName[chain.contentsub.enable],VarValue[0],Type[3],Desc[]
01:45:55:502369|0053-PSH::VarName[cidletimeout],VarValue[5],Type[3],Desc[]
01:45:55:502376|0075-PSH::VarName[ignore_like_type_object_collisions],VarValue[1],Type[3],Desc[]
01:45:55:502382|0073-PSH::VarName[data_dictionary.initial_size],VarValue[15000],Type[3],Desc[]
01:45:55:502389|0053-PSH::VarName[logformat],VarValue[utf8],Type[3],Desc[]
01:45:55:502521|0060-PSH::VarName[cpustat_threshold],VarValue[100],Type[3],Desc[]
01:45:55:502534|0049-PSH::VarName[usemsecs],VarValue[1],Type[3],Desc[]
01:45:55:502544|0059-PSH::VarName[eslib.custom_stats],VarValue[0],Type[3],Desc[]
01:45:55:502554|0049-PSH::VarName[rtdelay],VarValue[60],Type[3],Desc[]
01:45:55:502562|0055-PSH::VarName[maxqueuesize],VarValue[128],Type[3],Desc[]
01:45:55:502569|0064-PSH::VarName[audit_source],VarValue[AUDIT_SERVER],Type[3],Desc[]
01:45:55:502587|0050-PSH::VarName[csretry],VarValue[300],Type[3],Desc[]
01:45:55:502593|0054-PSH::VarName[dtblocksize],VarValue[256],Type[3],Desc[]
01:45:55:502601|0055-PSH::VarName[drecorderownobj],VarValue[],Type[3],Desc[]
01:45:55:502608|0051-PSH::VarName[maxdelay],VarValue[200],Type[3],Desc[]
01:45:55:502615|0076-PSH::VarName[ultra_low_latency.driver_timeout],VarValue[5000],Type[3],Desc[]
01:45:55:502622|0052-PSH::VarName[redirstderr],VarValue[1],Type[3],Desc[]
01:45:55:502628|0055-PSH::VarName[security_level],VarValue[0],Type[3],Desc[]
01:45:55:502635|0074-PSH::VarName[adaptlog.mindiskthroughput],VarValue[50000000],Type[3],Desc[]
01:45:55:502642|0052-PSH::VarName[dlocalscript],VarValue[],Type[3],Desc[]
01:45:55:502648|0054-PSH::VarName[audit_journal],VarValue[1],Type[3],Desc[]
01:45:55:502655|0075-PSH::VarName[trace_dt],VarValue[10],Type[3],Desc[Data Transfer trace level]
01:45:55:502662|0054-PSH::VarName[stack_on_stop],VarValue[0],Type[3],Desc[]
01:45:55:502668|0052-PSH::VarName[dtflushtime],VarValue[2],Type[3],Desc[]
01:45:55:502674|0051-PSH::VarName[dtsyncsend],VarValue[0],Type[3],Desc[]
01:45:55:502681|0064-PSH::VarName[applicationlogsthreadid],VarValue[1],Type[3],Desc[]
01:45:55:502687|0060-PSH::VarName[keystore.server.path],VarValue[],Type[3],Desc[]
01:45:55:502693|0054-PSH::VarName[listenbacklog],VarValue[0],Type[3],Desc[]
01:45:55:502700|0052-PSH::VarName[dinputscript],VarValue[],Type[3],Desc[]
01:45:55:502708|0057-PSH::VarName[e2enative.enable],VarValue[1],Type[3],Desc[]
01:45:55:502714|0049-PSH::VarName[dblogerr],VarValue[0],Type[3],Desc[]
01:45:55:502721|0052-PSH::VarName[debug.supply],VarValue[],Type[3],Desc[]
01:45:55:502727|0052-PSH::VarName[tcp_nodelay],VarValue[1],Type[3],Desc[]
01:45:55:502733|0056-PSH::VarName[eslib.pool_size],VarValue[4],Type[3],Desc[]
01:45:55:502740|0046-PSH::VarName[server],VarValue[],Type[3],Desc[]
01:45:55:502746|0054-PSH::VarName[logsoutput],VarValue[file],Type[3],Desc[]
01:45:55:502752|0048-PSH::VarName[wwwport],VarValue[0],Type[3],Desc[]
01:45:55:502813|0066-PSH::VarName[publish_include_originator],VarValue[],Type[3],Desc[]
01:45:55:502908|0064-PSH::VarName[adaptlog.maxsyncwait],VarValue[2000],Type[3],Desc[]
01:45:55:502941|0054-PSH::VarName[MULTI_INSTANCE],VarValue[],Type[3],Desc[]
01:45:55:503025|0047-PSH::VarName[USER],VarValue[mkv],Type[1],Desc[]
01:45:55:503154|0062-PSH::VarName[debug],VarValue[100],Type[3],Desc[Trace on files]
01:45:55:503210|0055-PSH::VarName[publish_exclude],VarValue[],Type[3],Desc[]
01:45:55:503227|0045-PSH::VarName[DBDIR],VarValue[],Type[3],Desc[]
01:45:55:503240|0053-PSH::VarName[userecordset],VarValue[0],Type[3],Desc[]
01:45:55:503251|0058-PSH::VarName[ultra_low_latency],VarValue[0],Type[3],Desc[]
01:45:55:503263|0049-PSH::VarName[ctimeout],VarValue[5],Type[3],Desc[]
01:45:55:503273|0051-PSH::VarName[CSPORT],VarValue[13000],Type[1],Desc[]
01:45:55:503284|0049-PSH::VarName[ENABLESSL],VarValue[],Type[3],Desc[]
01:45:56:471853|0055-PSH::VarName[log_threadname],VarValue[0],Type[3],Desc[]
01:45:56:471916|0054-PSH::VarName[log_name],VarValue[Avirat],Type[3],Desc[]
01:45:56:472355|0055-PSH::VarName[log_threshold],VarValue[10],Type[3],Desc[]
01:45:56:680730|0059-PSH::VarName[source],VarValue[Avirat_Source],Type[1],Desc[]
01:45:56:680887|0056-PSH::VarName[insight.enabled],VarValue[1],Type[3],Desc[]
01:45:56:681403|0063-PSH::VarName[resource_probe.enabled],VarValue[1],Type[3],Desc[]
01:45:56:681817|0068-PSH::VarName[insight.file_export.enabled],VarValue[1],Type[3],Desc[]
01:45:56:681877|0075-PSH::VarName[executor.monitoring.poll_interval],VarValue[60],Type[3],Desc[]
01:45:56:681987|0086-PSH::VarName[executor.monitoring.show_locked_synchronizers],VarValue[0],Type[3],Desc[]
01:45:56:682093|0069-PSH::VarName[insight.metric_set.black_list],VarValue[],Type[3],Desc[]
01:45:56:682182|0077-PSH::VarName[executor.monitoring.dump_interval],VarValue[3600],Type[3],Desc[]
01:45:56:682813|0065-PSH::VarName[executor.core.pool_size],VarValue[-1],Type[3],Desc[]
01:45:56:682935|0070-PSH::VarName[executor.core.keepalive_time],VarValue[-1],Type[3],Desc[]
01:45:56:682965|0079-PSH::VarName[readiness.cluster_notification.enabled],VarValue[1],Type[3],Desc[]
01:45:56:682993|0058-PSH::VarName[readiness.enabled],VarValue[1],Type[3],Desc[]
01:45:56:683023|0069-PSH::VarName[executor.core.max_pool_size],VarValue[-1],Type[3],Desc[]
01:45:56:683047|0068-PSH::VarName[executor.monitoring.enabled],VarValue[1],Type[3],Desc[]
01:45:56:683072|0077-PSH::VarName[application_server.plugins_dir],VarValue[plugins],Type[3],Desc[]
01:45:56:683116|0080-PSH::VarName[executor.monitoring.warning_threshold],VarValue[120],Type[3],Desc[]
01:45:56:683206|0074-PSH::VarName[insight.prometheus.exporter.port],VarValue[-1],Type[3],Desc[]
01:45:56:683235|0051-PSH::VarName[currency],VarValue[ALL],Type[3],Desc[]
01:46:28:308876|0029-PSH::Tinfo UTCOffset {+05:30}
01:46:28:308949|0056-JAVA::PropertyName [java.version] PropertyValue [23.0.2]
01:46:28:308964|0067-JAVA::PropertyName [java.vendor] PropertyValue [Oracle Corporation]
01:46:28:308977|0077-JAVA::PropertyName [java.vendor.url] PropertyValue [https://java.oracle.com/]
01:46:28:308987|0075-JAVA::PropertyName [java.home] PropertyValue [C:\Program Files\Java\jdk-23]
01:46:28:309000|0069-JAVA::PropertyName [java.vm.specification.version] PropertyValue [23]
01:46:28:309009|0084-JAVA::PropertyName [java.vm.specification.vendor] PropertyValue [Oracle Corporation]
01:46:28:309019|0098-JAVA::PropertyName [java.vm.specification.name] PropertyValue [Java Virtual Machine Specification]
01:46:28:309027|0064-JAVA::PropertyName [java.vm.version] PropertyValue [23.0.2+7-58]
01:46:28:309034|0070-JAVA::PropertyName [java.vm.vendor] PropertyValue [Oracle Corporation]
01:46:28:309041|0083-JAVA::PropertyName [java.vm.name] PropertyValue [Java HotSpot(TM) 64-Bit Server VM]
01:46:28:309049|0066-JAVA::PropertyName [java.specification.version] PropertyValue [23]
01:46:28:309055|0081-JAVA::PropertyName [java.specification.vendor] PropertyValue [Oracle Corporation]
01:46:28:309062|0092-JAVA::PropertyName [java.specification.name] PropertyValue [Java Platform API Specification]
01:46:28:309069|0060-JAVA::PropertyName [java.class.version] PropertyValue [67.0]
01:46:28:309076|0101-JAVA::PropertyName [java.class.path] PropertyValue [target/COOL_Onboarding_Activity-1.0-SNAPSHOT.jar]
01:46:28:309085|2310-JAVA::PropertyName [java.library.path] PropertyValue [C:\Program Files\Java\jdk-23\bin;C:\WINDOWS\Sun\Java\bin;C:\WINDOWS\system32;C:\WINDOWS;C:\Python313\Scripts\;C:\Python313\;C:\Program Files\Common Files\Oracle\Java\javapath;C:\Program Files (x86)\Common Files\Oracle\Java\java8path;C:\Program Files (x86)\Common Files\Oracle\Java\javapath;C:\Program Files\Eclipse Adoptium\jdk-21.0.6.7-hotspot\bin;C:\WINDOWS\system32;C:\WINDOWS;C:\WINDOWS\System32\Wbem;C:\WINDOWS\System32\WindowsPowerShell\v1.0\;C:\WINDOWS\System32\OpenSSH\;C:\Program Files\dotnet\;C:\Program Files\Microsoft VS Code\bin;C:\Program Files\Git\cmd;C:\Program Files\PowerShell\7\;C:\Users\avirat.sharma\OneDrive - ION\Desktop\Work\terraform_1.10.5_windows_amd64\terraform.exe;C:\Program Files\Amazon\AWSCLIV2\;C:\Users\avirat.sharma\OneDrive - ION\Desktop\Work\apache-maven-3.9.9-bin\apache-maven-3.9.9\bin;C:\Program Files\Java\jdk-23\bin;C:\ProgramData\chocolatey\bin;C:\Users\avirat.sharma\AppData\Roaming\Python\Python313\Scripts;C:\Users\avirat.sharma\OneDrive - ION\Desktop\Work\ION-Group\ION-Installer\AutoConfX1.6.4-p3d1\bin;C:\Program Files\Java\jdk-11\bin;C:\Program Files\nodejs\;C:\Program Files\Docker\Docker\resources\bin;C:\Program Files\Java\jdk-17\bin;C:\Python313\Scripts\;C:\Python313\;C:\Program Files\Common Files\Oracle\Java\javapath;C:\Program Files (x86)\Common Files\Oracle\Java\java8path;C:\Program Files (x86)\Common Files\Oracle\Java\javapath;C:\Program Files\Eclipse Adoptium\jdk-21.0.6.7-hotspot\bin;C:\WINDOWS\system32;C:\WINDOWS;C:\WINDOWS\System32\Wbem;C:\WINDOWS\System32\WindowsPowerShell\v1.0\;C:\WINDOWS\System32\OpenSSH\;C:\Program Files\dotnet\;C:\Program Files\Microsoft VS Code\bin;C:\Program Files\Git\cmd;C:\Program Files\PowerShell\7\;C:\Users\avirat.sharma\OneDrive - ION\Desktop\Work\terraform_1.10.5_windows_amd64\terraform.exe;C:\Program Files\Amazon\AWSCLIV2\;C:\Users\avirat.sharma\OneDrive - ION\Desktop\Work\apache-maven-3.9.9-bin\apache-maven-3.9.9\bin;C:\Program Files\Java\jdk-23\bin;C:\ProgramData\chocolatey\bin;C:\Users\avirat.sharma\AppData\Roaming\Python\Python313\Scripts;C:\Users\avirat.sharma\OneDrive - ION\Desktop\Work\ION-Group\ION-Installer\AutoConfX1.6.4-p3d1\bin;C:\Program Files\Java\jdk-11\bin;C:\Program Files\nodejs\;C:\Program Files\Docker\Docker\resources\bin;;.]
01:46:28:309109|0093-JAVA::PropertyName [java.io.tmpdir] PropertyValue [C:\Users\AVIRAT~1.SHA\AppData\Local\Temp\]
01:46:28:309136|0055-JAVA::PropertyName [java.compiler] PropertyValue [null]
01:46:28:309146|0055-JAVA::PropertyName [java.ext.dirs] PropertyValue [null]
01:46:28:309154|0055-JAVA::PropertyName [os.name] PropertyValue [Windows 11]
01:46:28:309161|0050-JAVA::PropertyName [os.arch] PropertyValue [amd64]
01:46:28:309169|0052-JAVA::PropertyName [os.version] PropertyValue [10.0]
01:46:28:309175|0053-JAVA::PropertyName [file.separator] PropertyValue [\]
01:46:28:309182|0053-JAVA::PropertyName [path.separator] PropertyValue [;]
01:46:28:309188|0054-JAVA::PropertyName [line.separator] PropertyValue [
]
01:46:28:309195|0060-JAVA::PropertyName [user.name] PropertyValue [avirat.sharma]
01:46:28:309201|0069-JAVA::PropertyName [user.home] PropertyValue [C:\Users\avirat.sharma]
01:46:28:309208|0160-JAVA::PropertyName [user.dir] PropertyValue [C:\Users\avirat.sharma\OneDrive - ION\Desktop\Work\LDP-Practice\LDP_Onboarding_Assignment\COOL_Onboarding_Activity]
01:46:28:309398|0052-JAVA::PropertyName [command_line] PropertyValue [[]]
01:46:28:309442|0062-PSH::VarName[eslib.low_load_factor],VarValue[1],Type[3],Desc[]
01:46:28:309457|0070-PSH::VarName[registerclientprotocolversion],VarValue[4],Type[3],Desc[]
01:46:28:309468|0050-PSH::VarName[logsasync],VarValue[1],Type[3],Desc[]
01:46:28:309477|0055-PSH::VarName[logcustomstats],VarValue[1],Type[3],Desc[]
01:46:28:309485|0061-PSH::VarName[publishonlyrecordset],VarValue[0],Type[3],Desc[]
01:46:28:309494|0055-PSH::VarName[CSHOST],VarValue[127.0.0.1],Type[1],Desc[]
01:46:28:309504|0052-PSH::VarName[negtimeout],VarValue[16],Type[3],Desc[]
01:46:28:309510|0057-PSH::VarName[winnative.enable],VarValue[1],Type[3],Desc[]
01:46:28:309518|0057-PSH::VarName[traces.broadcast],VarValue[1],Type[3],Desc[]
01:46:28:309525|0050-PSH::VarName[ent_source],VarValue[],Type[3],Desc[]
01:46:28:309532|0066-PSH::VarName[publish_exclude_originator],VarValue[],Type[3],Desc[]
01:46:28:309540|0047-PSH::VarName[LISTEN],VarValue[0],Type[3],Desc[]
01:46:28:309547|0055-PSH::VarName[publish_include],VarValue[],Type[3],Desc[]
01:46:28:309555|0055-PSH::VarName[drecorderscript],VarValue[],Type[3],Desc[]
01:46:28:309562|0058-PSH::VarName[resolve_hostnames],VarValue[0],Type[3],Desc[]
01:46:28:309570|0052-PSH::VarName[statime_sub],VarValue[1],Type[3],Desc[]
01:46:28:309577|0054-PSH::VarName[dtflowcontrol],VarValue[1],Type[3],Desc[]
01:46:28:309585|0069-PSH::VarName[connection_failure_threshold],VarValue[5],Type[3],Desc[]
01:46:28:309592|0055-PSH::VarName[drecorderextobj],VarValue[],Type[3],Desc[]
01:46:28:309599|0061-PSH::VarName[full_unicode_support],VarValue[1],Type[3],Desc[]
01:46:28:309607|0059-PSH::VarName[memoryalert.amber],VarValue[45],Type[3],Desc[]
01:46:28:309614|0049-PSH::VarName[logsdays],VarValue[2],Type[3],Desc[]
01:46:28:309622|0051-PSH::VarName[dtblocking],VarValue[1],Type[3],Desc[]
01:46:28:309631|0084-PSH::VarName[debug.eslib],VarValue[1],Type[3],Desc[Trace for ESLib queries on files]
01:46:28:309639|0050-PSH::VarName[gctrace],VarValue[all],Type[3],Desc[]
01:46:28:309646|0055-PSH::VarName[tcp_buffer],VarValue[65536],Type[3],Desc[]
01:46:28:309654|0053-PSH::VarName[syscomponent],VarValue[0],Type[3],Desc[]
01:46:28:309661|0053-PSH::VarName[MONITOR_PORT],VarValue[0],Type[3],Desc[]
01:46:28:309668|0049-PSH::VarName[calive],VarValue[240],Type[3],Desc[]
01:46:28:309675|0072-PSH::VarName[ignore_daemon_object_collisions],VarValue[1],Type[3],Desc[]
01:46:28:309683|0054-PSH::VarName[audit_enabled],VarValue[1],Type[3],Desc[]
01:46:28:309690|0056-PSH::VarName[filebuffer],VarValue[131072],Type[3],Desc[]
01:46:28:309697|0055-PSH::VarName[logsflushtime],VarValue[-1],Type[3],Desc[]
01:46:28:309703|0052-PSH::VarName[mindiskfree],VarValue[0],Type[3],Desc[]
01:46:28:309710|0059-PSH::VarName[deadlock_detection],VarValue[1],Type[3],Desc[]
01:46:28:309717|0056-PSH::VarName[logsasyncwait],VarValue[200],Type[3],Desc[]
01:46:28:309729|0060-PSH::VarName[keystore.client.path],VarValue[],Type[3],Desc[]
01:46:28:309737|0063-PSH::VarName[eslib.high_load_factor],VarValue[2],Type[3],Desc[]
01:46:28:309744|0059-PSH::VarName[tickdata.precision],VarValue[0],Type[3],Desc[]
01:46:28:309751|0056-PSH::VarName[keystores_path],VarValue[.\],Type[3],Desc[]
01:46:28:309758|0047-PSH::VarName[LOGSDIR],VarValue[],Type[3],Desc[]
01:46:28:309767|0057-PSH::VarName[memoryalert.red],VarValue[50],Type[3],Desc[]
01:46:28:309774|0071-PSH::VarName[object_collisions_report_time],VarValue[60],Type[3],Desc[]
01:46:28:309782|0043-PSH::VarName[www],VarValue[],Type[3],Desc[]
01:46:28:309789|0054-PSH::VarName[maxlogsize],VarValue[1024],Type[3],Desc[]
01:46:28:309923|0055-PSH::VarName[logsbuffersize],VarValue[1],Type[3],Desc[]
01:46:28:309969|0056-PSH::VarName[ent_reqtimeout],VarValue[60],Type[3],Desc[]
01:46:28:309984|0055-PSH::VarName[COMPONENT],VarValue[Avirat],Type[1],Desc[]
01:46:28:309996|0049-PSH::VarName[statime],VarValue[60],Type[3],Desc[]
01:46:28:310027|0064-PSH::VarName[chain.contentsub.enable],VarValue[0],Type[3],Desc[]
01:46:28:310053|0053-PSH::VarName[cidletimeout],VarValue[5],Type[3],Desc[]
01:46:28:310064|0075-PSH::VarName[ignore_like_type_object_collisions],VarValue[1],Type[3],Desc[]
01:46:28:310073|0073-PSH::VarName[data_dictionary.initial_size],VarValue[15000],Type[3],Desc[]
01:46:28:310081|0053-PSH::VarName[logformat],VarValue[utf8],Type[3],Desc[]
01:46:28:310299|0060-PSH::VarName[cpustat_threshold],VarValue[100],Type[3],Desc[]
01:46:28:310310|0049-PSH::VarName[usemsecs],VarValue[1],Type[3],Desc[]
01:46:28:310319|0059-PSH::VarName[eslib.custom_stats],VarValue[0],Type[3],Desc[]
01:46:28:310328|0049-PSH::VarName[rtdelay],VarValue[60],Type[3],Desc[]
01:46:28:310335|0055-PSH::VarName[maxqueuesize],VarValue[128],Type[3],Desc[]
01:46:28:310342|0064-PSH::VarName[audit_source],VarValue[AUDIT_SERVER],Type[3],Desc[]
01:46:28:310350|0050-PSH::VarName[csretry],VarValue[300],Type[3],Desc[]
01:46:28:310357|0054-PSH::VarName[dtblocksize],VarValue[256],Type[3],Desc[]
01:46:28:310365|0055-PSH::VarName[drecorderownobj],VarValue[],Type[3],Desc[]
01:46:28:310374|0051-PSH::VarName[maxdelay],VarValue[200],Type[3],Desc[]
01:46:28:310381|0076-PSH::VarName[ultra_low_latency.driver_timeout],VarValue[5000],Type[3],Desc[]
01:46:28:310389|0052-PSH::VarName[redirstderr],VarValue[1],Type[3],Desc[]
01:46:28:310396|0055-PSH::VarName[security_level],VarValue[0],Type[3],Desc[]
01:46:28:310403|0074-PSH::VarName[adaptlog.mindiskthroughput],VarValue[50000000],Type[3],Desc[]
01:46:28:310411|0052-PSH::VarName[dlocalscript],VarValue[],Type[3],Desc[]
01:46:28:310430|0054-PSH::VarName[audit_journal],VarValue[1],Type[3],Desc[]
01:46:28:310440|0075-PSH::VarName[trace_dt],VarValue[10],Type[3],Desc[Data Transfer trace level]
01:46:28:310448|0054-PSH::VarName[stack_on_stop],VarValue[0],Type[3],Desc[]
01:46:28:310470|0052-PSH::VarName[dtflushtime],VarValue[2],Type[3],Desc[]
01:46:28:310480|0051-PSH::VarName[dtsyncsend],VarValue[0],Type[3],Desc[]
01:46:28:310488|0064-PSH::VarName[applicationlogsthreadid],VarValue[1],Type[3],Desc[]
01:46:28:310495|0060-PSH::VarName[keystore.server.path],VarValue[],Type[3],Desc[]
01:46:28:310502|0054-PSH::VarName[listenbacklog],VarValue[0],Type[3],Desc[]
01:46:28:310509|0052-PSH::VarName[dinputscript],VarValue[],Type[3],Desc[]
01:46:28:310518|0057-PSH::VarName[e2enative.enable],VarValue[1],Type[3],Desc[]
01:46:28:310525|0049-PSH::VarName[dblogerr],VarValue[0],Type[3],Desc[]
01:46:28:310532|0052-PSH::VarName[debug.supply],VarValue[],Type[3],Desc[]
01:46:28:310539|0052-PSH::VarName[tcp_nodelay],VarValue[1],Type[3],Desc[]
01:46:28:310546|0056-PSH::VarName[eslib.pool_size],VarValue[4],Type[3],Desc[]
01:46:28:310553|0046-PSH::VarName[server],VarValue[],Type[3],Desc[]
01:46:28:310560|0054-PSH::VarName[logsoutput],VarValue[file],Type[3],Desc[]
01:46:28:310567|0048-PSH::VarName[wwwport],VarValue[0],Type[3],Desc[]
01:46:28:310742|0066-PSH::VarName[publish_include_originator],VarValue[],Type[3],Desc[]
01:46:28:311245|0064-PSH::VarName[adaptlog.maxsyncwait],VarValue[2000],Type[3],Desc[]
01:46:28:311495|0054-PSH::VarName[MULTI_INSTANCE],VarValue[],Type[3],Desc[]
01:46:28:311815|0047-PSH::VarName[USER],VarValue[mkv],Type[1],Desc[]
01:46:28:311877|0062-PSH::VarName[debug],VarValue[100],Type[3],Desc[Trace on files]
01:46:28:311901|0055-PSH::VarName[publish_exclude],VarValue[],Type[3],Desc[]
01:46:28:311912|0045-PSH::VarName[DBDIR],VarValue[],Type[3],Desc[]
01:46:28:311922|0053-PSH::VarName[userecordset],VarValue[0],Type[3],Desc[]
01:46:28:311959|0058-PSH::VarName[ultra_low_latency],VarValue[0],Type[3],Desc[]
01:46:28:311998|0049-PSH::VarName[ctimeout],VarValue[5],Type[3],Desc[]
01:46:28:312012|0051-PSH::VarName[CSPORT],VarValue[13000],Type[1],Desc[]
01:46:28:312021|0049-PSH::VarName[ENABLESSL],VarValue[],Type[3],Desc[]
01:46:29:331956|0055-PSH::VarName[log_threadname],VarValue[0],Type[3],Desc[]
01:46:29:332034|0054-PSH::VarName[log_name],VarValue[Avirat],Type[3],Desc[]
01:46:29:332684|0055-PSH::VarName[log_threshold],VarValue[10],Type[3],Desc[]
01:46:29:538860|0059-PSH::VarName[source],VarValue[Avirat_Source],Type[1],Desc[]
01:46:29:539044|0056-PSH::VarName[insight.enabled],VarValue[1],Type[3],Desc[]
01:46:29:539639|0063-PSH::VarName[resource_probe.enabled],VarValue[1],Type[3],Desc[]
01:46:29:540035|0068-PSH::VarName[insight.file_export.enabled],VarValue[1],Type[3],Desc[]
01:46:29:540083|0075-PSH::VarName[executor.monitoring.poll_interval],VarValue[60],Type[3],Desc[]
01:46:29:540186|0086-PSH::VarName[executor.monitoring.show_locked_synchronizers],VarValue[0],Type[3],Desc[]
01:46:29:540278|0069-PSH::VarName[insight.metric_set.black_list],VarValue[],Type[3],Desc[]
01:46:29:540355|0077-PSH::VarName[executor.monitoring.dump_interval],VarValue[3600],Type[3],Desc[]
01:46:29:540830|0065-PSH::VarName[executor.core.pool_size],VarValue[-1],Type[3],Desc[]
01:46:29:541167|0070-PSH::VarName[executor.core.keepalive_time],VarValue[-1],Type[3],Desc[]
01:46:29:541204|0079-PSH::VarName[readiness.cluster_notification.enabled],VarValue[1],Type[3],Desc[]
01:46:29:541233|0058-PSH::VarName[readiness.enabled],VarValue[1],Type[3],Desc[]
01:46:29:541262|0069-PSH::VarName[executor.core.max_pool_size],VarValue[-1],Type[3],Desc[]
01:46:29:541288|0068-PSH::VarName[executor.monitoring.enabled],VarValue[1],Type[3],Desc[]
01:46:29:541314|0077-PSH::VarName[application_server.plugins_dir],VarValue[plugins],Type[3],Desc[]
01:46:29:541370|0080-PSH::VarName[executor.monitoring.warning_threshold],VarValue[120],Type[3],Desc[]
01:46:29:541459|0074-PSH::VarName[insight.prometheus.exporter.port],VarValue[-1],Type[3],Desc[]
01:46:29:541489|0051-PSH::VarName[currency],VarValue[ALL],Type[3],Desc[]
01:47:27:063919|0029-PSH::Tinfo UTCOffset {+05:30}
01:47:27:063986|0056-JAVA::PropertyName [java.version] PropertyValue [23.0.2]
01:47:27:064002|0067-JAVA::PropertyName [java.vendor] PropertyValue [Oracle Corporation]
01:47:27:064014|0077-JAVA::PropertyName [java.vendor.url] PropertyValue [https://java.oracle.com/]
01:47:27:064024|0075-JAVA::PropertyName [java.home] PropertyValue [C:\Program Files\Java\jdk-23]
01:47:27:064034|0069-JAVA::PropertyName [java.vm.specification.version] PropertyValue [23]
01:47:27:064044|0084-JAVA::PropertyName [java.vm.specification.vendor] PropertyValue [Oracle Corporation]
01:47:27:064053|0098-JAVA::PropertyName [java.vm.specification.name] PropertyValue [Java Virtual Machine Specification]
01:47:27:064061|0064-JAVA::PropertyName [java.vm.version] PropertyValue [23.0.2+7-58]
01:47:27:064068|0070-JAVA::PropertyName [java.vm.vendor] PropertyValue [Oracle Corporation]
01:47:27:064076|0083-JAVA::PropertyName [java.vm.name] PropertyValue [Java HotSpot(TM) 64-Bit Server VM]
01:47:27:064083|0066-JAVA::PropertyName [java.specification.version] PropertyValue [23]
01:47:27:064090|0081-JAVA::PropertyName [java.specification.vendor] PropertyValue [Oracle Corporation]
01:47:27:064097|0092-JAVA::PropertyName [java.specification.name] PropertyValue [Java Platform API Specification]
01:47:27:064104|0060-JAVA::PropertyName [java.class.version] PropertyValue [67.0]
01:47:27:064111|0101-JAVA::PropertyName [java.class.path] PropertyValue [target/COOL_Onboarding_Activity-1.0-SNAPSHOT.jar]
01:47:27:064120|2310-JAVA::PropertyName [java.library.path] PropertyValue [C:\Program Files\Java\jdk-23\bin;C:\WINDOWS\Sun\Java\bin;C:\WINDOWS\system32;C:\WINDOWS;C:\Python313\Scripts\;C:\Python313\;C:\Program Files\Common Files\Oracle\Java\javapath;C:\Program Files (x86)\Common Files\Oracle\Java\java8path;C:\Program Files (x86)\Common Files\Oracle\Java\javapath;C:\Program Files\Eclipse Adoptium\jdk-21.0.6.7-hotspot\bin;C:\WINDOWS\system32;C:\WINDOWS;C:\WINDOWS\System32\Wbem;C:\WINDOWS\System32\WindowsPowerShell\v1.0\;C:\WINDOWS\System32\OpenSSH\;C:\Program Files\dotnet\;C:\Program Files\Microsoft VS Code\bin;C:\Program Files\Git\cmd;C:\Program Files\PowerShell\7\;C:\Users\avirat.sharma\OneDrive - ION\Desktop\Work\terraform_1.10.5_windows_amd64\terraform.exe;C:\Program Files\Amazon\AWSCLIV2\;C:\Users\avirat.sharma\OneDrive - ION\Desktop\Work\apache-maven-3.9.9-bin\apache-maven-3.9.9\bin;C:\Program Files\Java\jdk-23\bin;C:\ProgramData\chocolatey\bin;C:\Users\avirat.sharma\AppData\Roaming\Python\Python313\Scripts;C:\Users\avirat.sharma\OneDrive - ION\Desktop\Work\ION-Group\ION-Installer\AutoConfX1.6.4-p3d1\bin;C:\Program Files\Java\jdk-11\bin;C:\Program Files\nodejs\;C:\Program Files\Docker\Docker\resources\bin;C:\Program Files\Java\jdk-17\bin;C:\Python313\Scripts\;C:\Python313\;C:\Program Files\Common Files\Oracle\Java\javapath;C:\Program Files (x86)\Common Files\Oracle\Java\java8path;C:\Program Files (x86)\Common Files\Oracle\Java\javapath;C:\Program Files\Eclipse Adoptium\jdk-21.0.6.7-hotspot\bin;C:\WINDOWS\system32;C:\WINDOWS;C:\WINDOWS\System32\Wbem;C:\WINDOWS\System32\WindowsPowerShell\v1.0\;C:\WINDOWS\System32\OpenSSH\;C:\Program Files\dotnet\;C:\Program Files\Microsoft VS Code\bin;C:\Program Files\Git\cmd;C:\Program Files\PowerShell\7\;C:\Users\avirat.sharma\OneDrive - ION\Desktop\Work\terraform_1.10.5_windows_amd64\terraform.exe;C:\Program Files\Amazon\AWSCLIV2\;C:\Users\avirat.sharma\OneDrive - ION\Desktop\Work\apache-maven-3.9.9-bin\apache-maven-3.9.9\bin;C:\Program Files\Java\jdk-23\bin;C:\ProgramData\chocolatey\bin;C:\Users\avirat.sharma\AppData\Roaming\Python\Python313\Scripts;C:\Users\avirat.sharma\OneDrive - ION\Desktop\Work\ION-Group\ION-Installer\AutoConfX1.6.4-p3d1\bin;C:\Program Files\Java\jdk-11\bin;C:\Program Files\nodejs\;C:\Program Files\Docker\Docker\resources\bin;;.]
01:47:27:064145|0093-JAVA::PropertyName [java.io.tmpdir] PropertyValue [C:\Users\AVIRAT~1.SHA\AppData\Local\Temp\]
01:47:27:064169|0055-JAVA::PropertyName [java.compiler] PropertyValue [null]
01:47:27:064183|0055-JAVA::PropertyName [java.ext.dirs] PropertyValue [null]
01:47:27:064190|0055-JAVA::PropertyName [os.name] PropertyValue [Windows 11]
01:47:27:064197|0050-JAVA::PropertyName [os.arch] PropertyValue [amd64]
01:47:27:064203|0052-JAVA::PropertyName [os.version] PropertyValue [10.0]
01:47:27:064210|0053-JAVA::PropertyName [file.separator] PropertyValue [\]
01:47:27:064217|0053-JAVA::PropertyName [path.separator] PropertyValue [;]
01:47:27:064224|0054-JAVA::PropertyName [line.separator] PropertyValue [
]
01:47:27:064230|0060-JAVA::PropertyName [user.name] PropertyValue [avirat.sharma]
01:47:27:064237|0069-JAVA::PropertyName [user.home] PropertyValue [C:\Users\avirat.sharma]
01:47:27:064244|0160-JAVA::PropertyName [user.dir] PropertyValue [C:\Users\avirat.sharma\OneDrive - ION\Desktop\Work\LDP-Practice\LDP_Onboarding_Assignment\COOL_Onboarding_Activity]
01:47:27:064430|0052-JAVA::PropertyName [command_line] PropertyValue [[]]
01:47:27:064471|0062-PSH::VarName[eslib.low_load_factor],VarValue[1],Type[3],Desc[]
01:47:27:064485|0070-PSH::VarName[registerclientprotocolversion],VarValue[4],Type[3],Desc[]
01:47:27:064497|0050-PSH::VarName[logsasync],VarValue[1],Type[3],Desc[]
01:47:27:064506|0055-PSH::VarName[logcustomstats],VarValue[1],Type[3],Desc[]
01:47:27:064515|0061-PSH::VarName[publishonlyrecordset],VarValue[0],Type[3],Desc[]
01:47:27:064523|0055-PSH::VarName[CSHOST],VarValue[127.0.0.1],Type[1],Desc[]
01:47:27:064533|0052-PSH::VarName[negtimeout],VarValue[16],Type[3],Desc[]
01:47:27:064685|0057-PSH::VarName[winnative.enable],VarValue[1],Type[3],Desc[]
01:47:27:064701|0057-PSH::VarName[traces.broadcast],VarValue[1],Type[3],Desc[]
01:47:27:064713|0050-PSH::VarName[ent_source],VarValue[],Type[3],Desc[]
01:47:27:064724|0066-PSH::VarName[publish_exclude_originator],VarValue[],Type[3],Desc[]
01:47:27:064733|0047-PSH::VarName[LISTEN],VarValue[0],Type[3],Desc[]
01:47:27:064742|0055-PSH::VarName[publish_include],VarValue[],Type[3],Desc[]
01:47:27:064750|0055-PSH::VarName[drecorderscript],VarValue[],Type[3],Desc[]
01:47:27:064757|0058-PSH::VarName[resolve_hostnames],VarValue[0],Type[3],Desc[]
01:47:27:064764|0052-PSH::VarName[statime_sub],VarValue[1],Type[3],Desc[]
01:47:27:064771|0054-PSH::VarName[dtflowcontrol],VarValue[1],Type[3],Desc[]
01:47:27:064779|0069-PSH::VarName[connection_failure_threshold],VarValue[5],Type[3],Desc[]
01:47:27:064786|0055-PSH::VarName[drecorderextobj],VarValue[],Type[3],Desc[]
01:47:27:064794|0061-PSH::VarName[full_unicode_support],VarValue[1],Type[3],Desc[]
01:47:27:064801|0059-PSH::VarName[memoryalert.amber],VarValue[45],Type[3],Desc[]
01:47:27:064808|0049-PSH::VarName[logsdays],VarValue[2],Type[3],Desc[]
01:47:27:064815|0051-PSH::VarName[dtblocking],VarValue[1],Type[3],Desc[]
01:47:27:064822|0084-PSH::VarName[debug.eslib],VarValue[1],Type[3],Desc[Trace for ESLib queries on files]
01:47:27:064828|0050-PSH::VarName[gctrace],VarValue[all],Type[3],Desc[]
01:47:27:064835|0055-PSH::VarName[tcp_buffer],VarValue[65536],Type[3],Desc[]
01:47:27:064843|0053-PSH::VarName[syscomponent],VarValue[0],Type[3],Desc[]
01:47:27:064850|0053-PSH::VarName[MONITOR_PORT],VarValue[0],Type[3],Desc[]
01:47:27:064856|0049-PSH::VarName[calive],VarValue[240],Type[3],Desc[]
01:47:27:064863|0072-PSH::VarName[ignore_daemon_object_collisions],VarValue[1],Type[3],Desc[]
01:47:27:064870|0054-PSH::VarName[audit_enabled],VarValue[1],Type[3],Desc[]
01:47:27:064877|0056-PSH::VarName[filebuffer],VarValue[131072],Type[3],Desc[]
01:47:27:064884|0055-PSH::VarName[logsflushtime],VarValue[-1],Type[3],Desc[]
01:47:27:064891|0052-PSH::VarName[mindiskfree],VarValue[0],Type[3],Desc[]
01:47:27:064898|0059-PSH::VarName[deadlock_detection],VarValue[1],Type[3],Desc[]
01:47:27:064905|0056-PSH::VarName[logsasyncwait],VarValue[200],Type[3],Desc[]
01:47:27:064911|0060-PSH::VarName[keystore.client.path],VarValue[],Type[3],Desc[]
01:47:27:064919|0063-PSH::VarName[eslib.high_load_factor],VarValue[2],Type[3],Desc[]
01:47:27:064925|0059-PSH::VarName[tickdata.precision],VarValue[0],Type[3],Desc[]
01:47:27:064936|0056-PSH::VarName[keystores_path],VarValue[.\],Type[3],Desc[]
01:47:27:064943|0047-PSH::VarName[LOGSDIR],VarValue[],Type[3],Desc[]
01:47:27:064950|0057-PSH::VarName[memoryalert.red],VarValue[50],Type[3],Desc[]
01:47:27:064958|0071-PSH::VarName[object_collisions_report_time],VarValue[60],Type[3],Desc[]
01:47:27:064965|0043-PSH::VarName[www],VarValue[],Type[3],Desc[]
01:47:27:064972|0054-PSH::VarName[maxlogsize],VarValue[1024],Type[3],Desc[]
01:47:27:064979|0055-PSH::VarName[logsbuffersize],VarValue[1],Type[3],Desc[]
01:47:27:064986|0056-PSH::VarName[ent_reqtimeout],VarValue[60],Type[3],Desc[]
01:47:27:064993|0055-PSH::VarName[COMPONENT],VarValue[Avirat],Type[1],Desc[]
01:47:27:064999|0049-PSH::VarName[statime],VarValue[60],Type[3],Desc[]
01:47:27:065006|0064-PSH::VarName[chain.contentsub.enable],VarValue[0],Type[3],Desc[]
01:47:27:065012|0053-PSH::VarName[cidletimeout],VarValue[5],Type[3],Desc[]
01:47:27:065019|0075-PSH::VarName[ignore_like_type_object_collisions],VarValue[1],Type[3],Desc[]
01:47:27:065026|0073-PSH::VarName[data_dictionary.initial_size],VarValue[15000],Type[3],Desc[]
01:47:27:065033|0053-PSH::VarName[logformat],VarValue[utf8],Type[3],Desc[]
01:47:27:065261|0060-PSH::VarName[cpustat_threshold],VarValue[100],Type[3],Desc[]
01:47:27:065285|0049-PSH::VarName[usemsecs],VarValue[1],Type[3],Desc[]
01:47:27:065297|0059-PSH::VarName[eslib.custom_stats],VarValue[0],Type[3],Desc[]
01:47:27:065307|0049-PSH::VarName[rtdelay],VarValue[60],Type[3],Desc[]
01:47:27:065316|0055-PSH::VarName[maxqueuesize],VarValue[128],Type[3],Desc[]
01:47:27:065323|0064-PSH::VarName[audit_source],VarValue[AUDIT_SERVER],Type[3],Desc[]
01:47:27:065331|0050-PSH::VarName[csretry],VarValue[300],Type[3],Desc[]
01:47:27:065339|0054-PSH::VarName[dtblocksize],VarValue[256],Type[3],Desc[]
01:47:27:065346|0055-PSH::VarName[drecorderownobj],VarValue[],Type[3],Desc[]
01:47:27:065355|0051-PSH::VarName[maxdelay],VarValue[200],Type[3],Desc[]
01:47:27:065362|0076-PSH::VarName[ultra_low_latency.driver_timeout],VarValue[5000],Type[3],Desc[]
01:47:27:065369|0052-PSH::VarName[redirstderr],VarValue[1],Type[3],Desc[]
01:47:27:065375|0055-PSH::VarName[security_level],VarValue[0],Type[3],Desc[]
01:47:27:065382|0074-PSH::VarName[adaptlog.mindiskthroughput],VarValue[50000000],Type[3],Desc[]
01:47:27:065389|0052-PSH::VarName[dlocalscript],VarValue[],Type[3],Desc[]
01:47:27:065395|0054-PSH::VarName[audit_journal],VarValue[1],Type[3],Desc[]
01:47:27:065402|0075-PSH::VarName[trace_dt],VarValue[10],Type[3],Desc[Data Transfer trace level]
01:47:27:065409|0054-PSH::VarName[stack_on_stop],VarValue[0],Type[3],Desc[]
01:47:27:065416|0052-PSH::VarName[dtflushtime],VarValue[2],Type[3],Desc[]
01:47:27:065422|0051-PSH::VarName[dtsyncsend],VarValue[0],Type[3],Desc[]
01:47:27:065428|0064-PSH::VarName[applicationlogsthreadid],VarValue[1],Type[3],Desc[]
01:47:27:065434|0060-PSH::VarName[keystore.server.path],VarValue[],Type[3],Desc[]
01:47:27:065441|0054-PSH::VarName[listenbacklog],VarValue[0],Type[3],Desc[]
01:47:27:065448|0052-PSH::VarName[dinputscript],VarValue[],Type[3],Desc[]
01:47:27:065456|0057-PSH::VarName[e2enative.enable],VarValue[1],Type[3],Desc[]
01:47:27:065462|0049-PSH::VarName[dblogerr],VarValue[0],Type[3],Desc[]
01:47:27:065469|0052-PSH::VarName[debug.supply],VarValue[],Type[3],Desc[]
01:47:27:065476|0052-PSH::VarName[tcp_nodelay],VarValue[1],Type[3],Desc[]
01:47:27:065482|0056-PSH::VarName[eslib.pool_size],VarValue[4],Type[3],Desc[]
01:47:27:065489|0046-PSH::VarName[server],VarValue[],Type[3],Desc[]
01:47:27:065496|0054-PSH::VarName[logsoutput],VarValue[file],Type[3],Desc[]
01:47:27:065503|0048-PSH::VarName[wwwport],VarValue[0],Type[3],Desc[]
01:47:27:065668|0066-PSH::VarName[publish_include_originator],VarValue[],Type[3],Desc[]
01:47:27:065764|0064-PSH::VarName[adaptlog.maxsyncwait],VarValue[2000],Type[3],Desc[]
01:47:27:065821|0054-PSH::VarName[MULTI_INSTANCE],VarValue[],Type[3],Desc[]
01:47:27:066078|0047-PSH::VarName[USER],VarValue[mkv],Type[1],Desc[]
01:47:27:066491|0062-PSH::VarName[debug],VarValue[100],Type[3],Desc[Trace on files]
01:47:27:066849|0055-PSH::VarName[publish_exclude],VarValue[],Type[3],Desc[]
01:47:27:066869|0045-PSH::VarName[DBDIR],VarValue[],Type[3],Desc[]
01:47:27:066889|0053-PSH::VarName[userecordset],VarValue[0],Type[3],Desc[]
01:47:27:066900|0058-PSH::VarName[ultra_low_latency],VarValue[0],Type[3],Desc[]
01:47:27:066910|0049-PSH::VarName[ctimeout],VarValue[5],Type[3],Desc[]
01:47:27:066920|0051-PSH::VarName[CSPORT],VarValue[13000],Type[1],Desc[]
01:47:27:066929|0049-PSH::VarName[ENABLESSL],VarValue[],Type[3],Desc[]
01:47:28:088750|0055-PSH::VarName[log_threadname],VarValue[0],Type[3],Desc[]
01:47:28:088822|0054-PSH::VarName[log_name],VarValue[Avirat],Type[3],Desc[]
01:47:28:089277|0055-PSH::VarName[log_threshold],VarValue[10],Type[3],Desc[]
01:47:28:295570|0059-PSH::VarName[source],VarValue[Avirat_Source],Type[1],Desc[]
01:47:28:295672|0056-PSH::VarName[insight.enabled],VarValue[1],Type[3],Desc[]
01:47:28:296077|0063-PSH::VarName[resource_probe.enabled],VarValue[1],Type[3],Desc[]
01:47:28:296759|0068-PSH::VarName[insight.file_export.enabled],VarValue[1],Type[3],Desc[]
01:47:28:296812|0075-PSH::VarName[executor.monitoring.poll_interval],VarValue[60],Type[3],Desc[]
01:47:28:296914|0086-PSH::VarName[executor.monitoring.show_locked_synchronizers],VarValue[0],Type[3],Desc[]
01:47:28:297005|0069-PSH::VarName[insight.metric_set.black_list],VarValue[],Type[3],Desc[]
01:47:28:297075|0077-PSH::VarName[executor.monitoring.dump_interval],VarValue[3600],Type[3],Desc[]
01:47:28:297585|0065-PSH::VarName[executor.core.pool_size],VarValue[-1],Type[3],Desc[]
01:47:28:297696|0070-PSH::VarName[executor.core.keepalive_time],VarValue[-1],Type[3],Desc[]
01:47:28:297726|0079-PSH::VarName[readiness.cluster_notification.enabled],VarValue[1],Type[3],Desc[]
01:47:28:297755|0058-PSH::VarName[readiness.enabled],VarValue[1],Type[3],Desc[]
01:47:28:297787|0069-PSH::VarName[executor.core.max_pool_size],VarValue[-1],Type[3],Desc[]
01:47:28:297811|0068-PSH::VarName[executor.monitoring.enabled],VarValue[1],Type[3],Desc[]
01:47:28:297837|0077-PSH::VarName[application_server.plugins_dir],VarValue[plugins],Type[3],Desc[]
01:47:28:297924|0080-PSH::VarName[executor.monitoring.warning_threshold],VarValue[120],Type[3],Desc[]
01:47:28:298015|0074-PSH::VarName[insight.prometheus.exporter.port],VarValue[-1],Type[3],Desc[]
01:47:28:298048|0051-PSH::VarName[currency],VarValue[ALL],Type[3],Desc[]
