01:42:35:905709|0035-00001:PSH::Tinfo UTCOffset {+05:30}
01:42:35:905750|0062-00001:JAVA::PropertyName [java.version] PropertyValue [23.0.2]
01:42:35:905762|0073-00001:JAVA::PropertyName [java.vendor] PropertyValue [Oracle Corporation]
01:42:35:905835|0083-00001:JAVA::PropertyName [java.vendor.url] PropertyValue [https://java.oracle.com/]
01:42:35:905847|0081-00001:JAVA::PropertyName [java.home] PropertyValue [C:\Program Files\Java\jdk-23]
01:42:35:905854|0075-00001:JAVA::PropertyName [java.vm.specification.version] PropertyValue [23]
01:42:35:905861|0090-00001:JAVA::PropertyName [java.vm.specification.vendor] PropertyValue [Oracle Corporation]
01:42:35:905867|0104-00001:JAVA::PropertyName [java.vm.specification.name] PropertyValue [Java Virtual Machine Specification]
01:42:35:905872|0070-00001:JAVA::PropertyName [java.vm.version] PropertyValue [23.0.2+7-58]
01:42:35:905879|0076-00001:JAVA::PropertyName [java.vm.vendor] PropertyValue [Oracle Corporation]
01:42:35:905884|0089-00001:JAVA::PropertyName [java.vm.name] PropertyValue [Java HotSpot(TM) 64-Bit Server VM]
01:42:35:905890|0072-00001:JAVA::PropertyName [java.specification.version] PropertyValue [23]
01:42:35:905895|0087-00001:JAVA::PropertyName [java.specification.vendor] PropertyValue [Oracle Corporation]
01:42:35:905901|0098-00001:JAVA::PropertyName [java.specification.name] PropertyValue [Java Platform API Specification]
01:42:35:905907|0066-00001:JAVA::PropertyName [java.class.version] PropertyValue [67.0]
01:42:35:905912|0107-00001:JAVA::PropertyName [java.class.path] PropertyValue [target/COOL_Onboarding_Activity-1.0-SNAPSHOT.jar]
01:42:35:905921|2316-00001:JAVA::PropertyName [java.library.path] PropertyValue [C:\Program Files\Java\jdk-23\bin;C:\WINDOWS\Sun\Java\bin;C:\WINDOWS\system32;C:\WINDOWS;C:\Python313\Scripts\;C:\Python313\;C:\Program Files\Common Files\Oracle\Java\javapath;C:\Program Files (x86)\Common Files\Oracle\Java\java8path;C:\Program Files (x86)\Common Files\Oracle\Java\javapath;C:\Program Files\Eclipse Adoptium\jdk-21.0.6.7-hotspot\bin;C:\WINDOWS\system32;C:\WINDOWS;C:\WINDOWS\System32\Wbem;C:\WINDOWS\System32\WindowsPowerShell\v1.0\;C:\WINDOWS\System32\OpenSSH\;C:\Program Files\dotnet\;C:\Program Files\Microsoft VS Code\bin;C:\Program Files\Git\cmd;C:\Program Files\PowerShell\7\;C:\Users\avirat.sharma\OneDrive - ION\Desktop\Work\terraform_1.10.5_windows_amd64\terraform.exe;C:\Program Files\Amazon\AWSCLIV2\;C:\Users\avirat.sharma\OneDrive - ION\Desktop\Work\apache-maven-3.9.9-bin\apache-maven-3.9.9\bin;C:\Program Files\Java\jdk-23\bin;C:\ProgramData\chocolatey\bin;C:\Users\avirat.sharma\AppData\Roaming\Python\Python313\Scripts;C:\Users\avirat.sharma\OneDrive - ION\Desktop\Work\ION-Group\ION-Installer\AutoConfX1.6.4-p3d1\bin;C:\Program Files\Java\jdk-11\bin;C:\Program Files\nodejs\;C:\Program Files\Docker\Docker\resources\bin;C:\Program Files\Java\jdk-17\bin;C:\Python313\Scripts\;C:\Python313\;C:\Program Files\Common Files\Oracle\Java\javapath;C:\Program Files (x86)\Common Files\Oracle\Java\java8path;C:\Program Files (x86)\Common Files\Oracle\Java\javapath;C:\Program Files\Eclipse Adoptium\jdk-21.0.6.7-hotspot\bin;C:\WINDOWS\system32;C:\WINDOWS;C:\WINDOWS\System32\Wbem;C:\WINDOWS\System32\WindowsPowerShell\v1.0\;C:\WINDOWS\System32\OpenSSH\;C:\Program Files\dotnet\;C:\Program Files\Microsoft VS Code\bin;C:\Program Files\Git\cmd;C:\Program Files\PowerShell\7\;C:\Users\avirat.sharma\OneDrive - ION\Desktop\Work\terraform_1.10.5_windows_amd64\terraform.exe;C:\Program Files\Amazon\AWSCLIV2\;C:\Users\avirat.sharma\OneDrive - ION\Desktop\Work\apache-maven-3.9.9-bin\apache-maven-3.9.9\bin;C:\Program Files\Java\jdk-23\bin;C:\ProgramData\chocolatey\bin;C:\Users\avirat.sharma\AppData\Roaming\Python\Python313\Scripts;C:\Users\avirat.sharma\OneDrive - ION\Desktop\Work\ION-Group\ION-Installer\AutoConfX1.6.4-p3d1\bin;C:\Program Files\Java\jdk-11\bin;C:\Program Files\nodejs\;C:\Program Files\Docker\Docker\resources\bin;;.]
01:42:35:905946|0099-00001:JAVA::PropertyName [java.io.tmpdir] PropertyValue [C:\Users\AVIRAT~1.SHA\AppData\Local\Temp\]
01:42:35:905967|0061-00001:JAVA::PropertyName [java.compiler] PropertyValue [null]
01:42:35:905974|0061-00001:JAVA::PropertyName [java.ext.dirs] PropertyValue [null]
01:42:35:905980|0061-00001:JAVA::PropertyName [os.name] PropertyValue [Windows 11]
01:42:35:905985|0056-00001:JAVA::PropertyName [os.arch] PropertyValue [amd64]
01:42:35:905990|0058-00001:JAVA::PropertyName [os.version] PropertyValue [10.0]
01:42:35:905995|0059-00001:JAVA::PropertyName [file.separator] PropertyValue [\]
01:42:35:906001|0059-00001:JAVA::PropertyName [path.separator] PropertyValue [;]
01:42:35:906006|0060-00001:JAVA::PropertyName [line.separator] PropertyValue [
]
01:42:35:906011|0066-00001:JAVA::PropertyName [user.name] PropertyValue [avirat.sharma]
01:42:35:906016|0075-00001:JAVA::PropertyName [user.home] PropertyValue [C:\Users\avirat.sharma]
01:42:35:906022|0166-00001:JAVA::PropertyName [user.dir] PropertyValue [C:\Users\avirat.sharma\OneDrive - ION\Desktop\Work\LDP-Practice\LDP_Onboarding_Assignment\COOL_Onboarding_Activity]
01:42:35:906233|0058-00001:JAVA::PropertyName [command_line] PropertyValue [[]]
01:42:35:906255|0068-00001:PSH::VarName[eslib.low_load_factor],VarValue[1],Type[3],Desc[]
01:42:35:906264|0076-00001:PSH::VarName[registerclientprotocolversion],VarValue[4],Type[3],Desc[]
01:42:35:906272|0056-00001:PSH::VarName[logsasync],VarValue[1],Type[3],Desc[]
01:42:35:906279|0061-00001:PSH::VarName[logcustomstats],VarValue[1],Type[3],Desc[]
01:42:35:906286|0067-00001:PSH::VarName[publishonlyrecordset],VarValue[0],Type[3],Desc[]
01:42:35:906292|0061-00001:PSH::VarName[CSHOST],VarValue[localhost],Type[3],Desc[]
01:42:35:906299|0058-00001:PSH::VarName[negtimeout],VarValue[16],Type[3],Desc[]
01:42:35:906304|0063-00001:PSH::VarName[winnative.enable],VarValue[1],Type[3],Desc[]
01:42:35:906310|0063-00001:PSH::VarName[traces.broadcast],VarValue[1],Type[3],Desc[]
01:42:35:906316|0056-00001:PSH::VarName[ent_source],VarValue[],Type[3],Desc[]
01:42:35:906322|0072-00001:PSH::VarName[publish_exclude_originator],VarValue[],Type[3],Desc[]
01:42:35:906328|0053-00001:PSH::VarName[LISTEN],VarValue[0],Type[3],Desc[]
01:42:35:906334|0061-00001:PSH::VarName[publish_include],VarValue[],Type[3],Desc[]
01:42:35:906340|0061-00001:PSH::VarName[drecorderscript],VarValue[],Type[3],Desc[]
01:42:35:906345|0064-00001:PSH::VarName[resolve_hostnames],VarValue[0],Type[3],Desc[]
01:42:35:906351|0058-00001:PSH::VarName[statime_sub],VarValue[1],Type[3],Desc[]
01:42:35:906357|0060-00001:PSH::VarName[dtflowcontrol],VarValue[1],Type[3],Desc[]
01:42:35:906363|0075-00001:PSH::VarName[connection_failure_threshold],VarValue[5],Type[3],Desc[]
01:42:35:906369|0061-00001:PSH::VarName[drecorderextobj],VarValue[],Type[3],Desc[]
01:42:35:906375|0061-00001:PSH::VarName[log_threadname],VarValue[0],Type[3],Desc[]
01:42:35:906381|0067-00001:PSH::VarName[full_unicode_support],VarValue[1],Type[3],Desc[]
01:42:35:906386|0065-00001:PSH::VarName[memoryalert.amber],VarValue[45],Type[3],Desc[]
01:42:35:906393|0055-00001:PSH::VarName[logsdays],VarValue[2],Type[3],Desc[]
01:42:35:906399|0057-00001:PSH::VarName[dtblocking],VarValue[1],Type[3],Desc[]
01:42:35:906405|0090-00001:PSH::VarName[debug.eslib],VarValue[1],Type[3],Desc[Trace for ESLib queries on files]
01:42:35:906411|0056-00001:PSH::VarName[gctrace],VarValue[all],Type[3],Desc[]
01:42:35:906417|0061-00001:PSH::VarName[tcp_buffer],VarValue[65536],Type[3],Desc[]
01:42:35:906482|0059-00001:PSH::VarName[syscomponent],VarValue[0],Type[3],Desc[]
01:42:35:906489|0059-00001:PSH::VarName[MONITOR_PORT],VarValue[0],Type[3],Desc[]
01:42:35:906497|0055-00001:PSH::VarName[calive],VarValue[240],Type[3],Desc[]
01:42:35:906503|0078-00001:PSH::VarName[ignore_daemon_object_collisions],VarValue[1],Type[3],Desc[]
01:42:35:906509|0060-00001:PSH::VarName[audit_enabled],VarValue[1],Type[3],Desc[]
01:42:35:906515|0062-00001:PSH::VarName[filebuffer],VarValue[131072],Type[3],Desc[]
01:42:35:906521|0061-00001:PSH::VarName[logsflushtime],VarValue[-1],Type[3],Desc[]
01:42:35:906528|0058-00001:PSH::VarName[mindiskfree],VarValue[0],Type[3],Desc[]
01:42:35:906534|0065-00001:PSH::VarName[deadlock_detection],VarValue[1],Type[3],Desc[]
01:42:35:906540|0062-00001:PSH::VarName[logsasyncwait],VarValue[200],Type[3],Desc[]
01:42:35:906548|0066-00001:PSH::VarName[keystore.client.path],VarValue[],Type[3],Desc[]
01:42:35:906555|0069-00001:PSH::VarName[eslib.high_load_factor],VarValue[2],Type[3],Desc[]
01:42:35:906561|0065-00001:PSH::VarName[tickdata.precision],VarValue[0],Type[3],Desc[]
01:42:35:906567|0062-00001:PSH::VarName[keystores_path],VarValue[.\],Type[3],Desc[]
01:42:35:906572|0053-00001:PSH::VarName[LOGSDIR],VarValue[],Type[3],Desc[]
01:42:35:906579|0063-00001:PSH::VarName[memoryalert.red],VarValue[50],Type[3],Desc[]
01:42:35:906585|0077-00001:PSH::VarName[object_collisions_report_time],VarValue[60],Type[3],Desc[]
01:42:35:906591|0049-00001:PSH::VarName[www],VarValue[],Type[3],Desc[]
01:42:35:906597|0060-00001:PSH::VarName[maxlogsize],VarValue[1024],Type[3],Desc[]
01:42:35:906603|0061-00001:PSH::VarName[logsbuffersize],VarValue[1],Type[3],Desc[]
01:42:35:906609|0062-00001:PSH::VarName[ent_reqtimeout],VarValue[60],Type[3],Desc[]
01:42:35:906614|0062-00001:PSH::VarName[COMPONENT],VarValue[unknown],Type[3],Desc[]
01:42:35:906620|0055-00001:PSH::VarName[statime],VarValue[60],Type[3],Desc[]
01:42:35:906626|0070-00001:PSH::VarName[chain.contentsub.enable],VarValue[0],Type[3],Desc[]
01:42:35:906632|0059-00001:PSH::VarName[cidletimeout],VarValue[5],Type[3],Desc[]
01:42:35:906638|0081-00001:PSH::VarName[ignore_like_type_object_collisions],VarValue[1],Type[3],Desc[]
01:42:35:906643|0079-00001:PSH::VarName[data_dictionary.initial_size],VarValue[15000],Type[3],Desc[]
01:42:35:906649|0059-00001:PSH::VarName[logformat],VarValue[utf8],Type[3],Desc[]
01:42:35:906655|0066-00001:PSH::VarName[cpustat_threshold],VarValue[100],Type[3],Desc[]
01:42:35:906661|0055-00001:PSH::VarName[usemsecs],VarValue[1],Type[3],Desc[]
01:42:35:906667|0065-00001:PSH::VarName[eslib.custom_stats],VarValue[0],Type[3],Desc[]
01:42:35:906673|0061-00001:PSH::VarName[log_threshold],VarValue[10],Type[3],Desc[]
01:42:35:906678|0055-00001:PSH::VarName[rtdelay],VarValue[60],Type[3],Desc[]
01:42:35:906684|0061-00001:PSH::VarName[maxqueuesize],VarValue[128],Type[3],Desc[]
01:42:35:906689|0070-00001:PSH::VarName[audit_source],VarValue[AUDIT_SERVER],Type[3],Desc[]
01:42:35:906695|0056-00001:PSH::VarName[csretry],VarValue[300],Type[3],Desc[]
01:42:35:906701|0060-00001:PSH::VarName[dtblocksize],VarValue[256],Type[3],Desc[]
01:42:35:906706|0061-00001:PSH::VarName[drecorderownobj],VarValue[],Type[3],Desc[]
01:42:35:906739|0057-00001:PSH::VarName[maxdelay],VarValue[200],Type[3],Desc[]
01:42:35:906745|0082-00001:PSH::VarName[ultra_low_latency.driver_timeout],VarValue[5000],Type[3],Desc[]
01:42:35:906751|0061-00001:PSH::VarName[log_name],VarValue[unknown],Type[3],Desc[]
01:42:35:906761|0058-00001:PSH::VarName[redirstderr],VarValue[1],Type[3],Desc[]
01:42:35:907085|0061-00001:PSH::VarName[security_level],VarValue[0],Type[3],Desc[]
01:42:35:907171|0080-00001:PSH::VarName[adaptlog.mindiskthroughput],VarValue[50000000],Type[3],Desc[]
01:42:35:907193|0058-00001:PSH::VarName[dlocalscript],VarValue[],Type[3],Desc[]
01:42:35:907209|0060-00001:PSH::VarName[audit_journal],VarValue[1],Type[3],Desc[]
01:42:35:907225|0081-00001:PSH::VarName[trace_dt],VarValue[10],Type[3],Desc[Data Transfer trace level]
01:42:35:907270|0060-00001:PSH::VarName[stack_on_stop],VarValue[0],Type[3],Desc[]
01:42:35:907293|0058-00001:PSH::VarName[dtflushtime],VarValue[2],Type[3],Desc[]
01:42:35:907307|0057-00001:PSH::VarName[dtsyncsend],VarValue[0],Type[3],Desc[]
01:42:35:907322|0070-00001:PSH::VarName[applicationlogsthreadid],VarValue[1],Type[3],Desc[]
01:42:35:907335|0066-00001:PSH::VarName[keystore.server.path],VarValue[],Type[3],Desc[]
01:42:35:907348|0060-00001:PSH::VarName[listenbacklog],VarValue[0],Type[3],Desc[]
01:42:35:907387|0058-00001:PSH::VarName[dinputscript],VarValue[],Type[3],Desc[]
01:42:35:907405|0063-00001:PSH::VarName[e2enative.enable],VarValue[1],Type[3],Desc[]
01:42:35:907421|0055-00001:PSH::VarName[dblogerr],VarValue[0],Type[3],Desc[]
01:42:35:907529|0058-00001:PSH::VarName[debug.supply],VarValue[],Type[3],Desc[]
01:42:35:907563|0058-00001:PSH::VarName[tcp_nodelay],VarValue[1],Type[3],Desc[]
01:42:35:907575|0062-00001:PSH::VarName[eslib.pool_size],VarValue[4],Type[3],Desc[]
01:42:35:907584|0052-00001:PSH::VarName[server],VarValue[],Type[3],Desc[]
01:42:35:907592|0060-00001:PSH::VarName[logsoutput],VarValue[file],Type[3],Desc[]
01:42:35:907891|0054-00001:PSH::VarName[wwwport],VarValue[0],Type[3],Desc[]
01:42:35:907932|0072-00001:PSH::VarName[publish_include_originator],VarValue[],Type[3],Desc[]
01:42:35:907944|0070-00001:PSH::VarName[adaptlog.maxsyncwait],VarValue[2000],Type[3],Desc[]
01:42:35:907953|0060-00001:PSH::VarName[MULTI_INSTANCE],VarValue[],Type[3],Desc[]
01:42:35:907972|0057-00001:PSH::VarName[USER],VarValue[unknown],Type[3],Desc[]
01:42:35:907980|0068-00001:PSH::VarName[debug],VarValue[100],Type[3],Desc[Trace on files]
01:42:35:907986|0061-00001:PSH::VarName[publish_exclude],VarValue[],Type[3],Desc[]
01:42:35:907992|0051-00001:PSH::VarName[DBDIR],VarValue[],Type[3],Desc[]
01:42:35:907998|0059-00001:PSH::VarName[userecordset],VarValue[0],Type[3],Desc[]
01:42:35:908004|0064-00001:PSH::VarName[ultra_low_latency],VarValue[0],Type[3],Desc[]
01:42:35:908010|0055-00001:PSH::VarName[ctimeout],VarValue[5],Type[3],Desc[]
01:42:35:908016|0057-00001:PSH::VarName[CSPORT],VarValue[13000],Type[3],Desc[]
01:42:35:908021|0055-00001:PSH::VarName[ENABLESSL],VarValue[],Type[3],Desc[]
01:42:36:117398|0085-00001:PSH::VarName[readiness.cluster_notification.enabled],VarValue[1],Type[3],Desc[]
01:42:36:117939|0074-00001:PSH::VarName[insight.file_export.enabled],VarValue[1],Type[3],Desc[]
01:42:36:118964|0074-00001:PSH::VarName[executor.monitoring.enabled],VarValue[1],Type[3],Desc[]
01:42:36:119009|0092-00001:PSH::VarName[executor.monitoring.show_locked_synchronizers],VarValue[0],Type[3],Desc[]
01:42:36:119146|0080-00001:PSH::VarName[insight.prometheus.exporter.port],VarValue[-1],Type[3],Desc[]
01:42:36:119182|0086-00001:PSH::VarName[executor.monitoring.warning_threshold],VarValue[120],Type[3],Desc[]
01:42:36:119269|0069-00001:PSH::VarName[resource_probe.enabled],VarValue[1],Type[3],Desc[]
01:42:36:119303|0081-00001:PSH::VarName[executor.monitoring.poll_interval],VarValue[60],Type[3],Desc[]
01:42:36:119337|0083-00001:PSH::VarName[application_server.plugins_dir],VarValue[plugins],Type[3],Desc[]
01:42:36:119434|0057-00001:PSH::VarName[currency],VarValue[ALL],Type[3],Desc[]
01:42:36:119469|0083-00001:PSH::VarName[executor.monitoring.dump_interval],VarValue[3600],Type[3],Desc[]
01:42:36:119763|0076-00001:PSH::VarName[executor.core.keepalive_time],VarValue[-1],Type[3],Desc[]
01:42:36:119874|0071-00001:PSH::VarName[executor.core.pool_size],VarValue[-1],Type[3],Desc[]
01:42:36:119910|0058-00001:PSH::VarName[source],VarValue[SOURCE],Type[3],Desc[]
01:42:36:119992|0075-00001:PSH::VarName[insight.metric_set.black_list],VarValue[],Type[3],Desc[]
01:42:36:120031|0075-00001:PSH::VarName[executor.core.max_pool_size],VarValue[-1],Type[3],Desc[]
01:42:36:120064|0064-00001:PSH::VarName[readiness.enabled],VarValue[1],Type[3],Desc[]
01:42:36:120093|0062-00001:PSH::VarName[insight.enabled],VarValue[1],Type[3],Desc[]
01:42:52:609866|0175-00076:APP: Application {INFO} Action {START} Type {BondPriceEnhancer} Version {0.0.1} Description {Simple ION 2.0 Bond Price Application} ReleaseDate {na} ION20Version {4.0.2}
01:42:52:609962|0056-00076:APP: Application {INFO} Action {Starting Services}
01:42:52:619721|0108-00076:BOOT: {INFO} Action {********************************************************************************}
01:42:52:619779|0108-00076:BOOT: {INFO} Action {Launching ION20 Framework} Version {4.0.2} Build timestamp {2024-09-27T14:38:48Z}
01:42:52:619798|0108-00076:BOOT: {INFO} Action {********************************************************************************}
01:42:52:619930|0113-00076:BOOT: Service Manager {INFO} Action {Starting} Classpath {target/COOL_Onboarding_Activity-1.0-SNAPSHOT.jar}
01:42:52:627066|0305-00076:BOOT: Service Manager {INFO} Action {Module} Class {com.iontrading.mkv_wrapper.guice.MkvProviderModule} Path {file:/C:/Users/avirat.sharma/OneDrive%20-%20ION/Desktop/Work/LDP-Practice/LDP_Onboarding_Assignment/COOL_Onboarding_Activity/target/COOL_Onboarding_Activity-1.0-SNAPSHOT.jar} Version {null}
01:42:52:627925|0318-00076:BOOT: Service Manager {INFO} Action {Module} Class {com.iontrading.isf.log.adapters.mkv.SmartMkvTracerFactoryModule} Path {file:/C:/Users/avirat.sharma/OneDrive%20-%20ION/Desktop/Work/LDP-Practice/LDP_Onboarding_Assignment/COOL_Onboarding_Activity/target/COOL_Onboarding_Activity-1.0-SNAPSHOT.jar} Version {null}
01:42:52:628586|0314-00076:BOOT: Service Manager {INFO} Action {Module} Class {com.iontrading.isf.trace.guice.TracerDefaultArgumentsModule} Path {file:/C:/Users/avirat.sharma/OneDrive%20-%20ION/Desktop/Work/LDP-Practice/LDP_Onboarding_Assignment/COOL_Onboarding_Activity/target/COOL_Onboarding_Activity-1.0-SNAPSHOT.jar} Version {null}
01:42:52:629336|0298-00076:BOOT: Service Manager {INFO} Action {Module} Class {com.iontrading.isf.trace.guice.TracerModule} Path {file:/C:/Users/avirat.sharma/OneDrive%20-%20ION/Desktop/Work/LDP-Practice/LDP_Onboarding_Assignment/COOL_Onboarding_Activity/target/COOL_Onboarding_Activity-1.0-SNAPSHOT.jar} Version {null}
01:42:52:629903|0305-00076:BOOT: Service Manager {INFO} Action {Module} Class {com.iontrading.mkv_wrapper.guice.MkvInstanceModule} Path {file:/C:/Users/avirat.sharma/OneDrive%20-%20ION/Desktop/Work/LDP-Practice/LDP_Onboarding_Assignment/COOL_Onboarding_Activity/target/COOL_Onboarding_Activity-1.0-SNAPSHOT.jar} Version {null}
01:42:52:630535|0304-00076:BOOT: Service Manager {INFO} Action {Module} Class {com.iontrading.mkv_wrapper.guice.MkvWrapperModule} Path {file:/C:/Users/avirat.sharma/OneDrive%20-%20ION/Desktop/Work/LDP-Practice/LDP_Onboarding_Assignment/COOL_Onboarding_Activity/target/COOL_Onboarding_Activity-1.0-SNAPSHOT.jar} Version {null}
01:42:52:631136|0336-00076:BOOT: Service Manager {INFO} Action {Module} Class {com.iontrading.isf.configuration.adapters.mkv.MkvConfigurationValueProviderModule} Path {file:/C:/Users/avirat.sharma/OneDrive%20-%20ION/Desktop/Work/LDP-Practice/LDP_Onboarding_Assignment/COOL_Onboarding_Activity/target/COOL_Onboarding_Activity-1.0-SNAPSHOT.jar} Version {null}
01:42:52:631678|0317-00076:BOOT: Service Manager {INFO} Action {Module} Class {com.iontrading.isf.configuration.guice.ConfigurationCoreModule} Path {file:/C:/Users/avirat.sharma/OneDrive%20-%20ION/Desktop/Work/LDP-Practice/LDP_Onboarding_Assignment/COOL_Onboarding_Activity/target/COOL_Onboarding_Activity-1.0-SNAPSHOT.jar} Version {null}
01:42:52:632192|0295-00076:BOOT: Service Manager {INFO} Action {Module} Class {com.iontrading.isf.boot.guice.BootModule} Path {file:/C:/Users/avirat.sharma/OneDrive%20-%20ION/Desktop/Work/LDP-Practice/LDP_Onboarding_Assignment/COOL_Onboarding_Activity/target/COOL_Onboarding_Activity-1.0-SNAPSHOT.jar} Version {null}
01:42:52:632667|0307-00076:BOOT: Service Manager {INFO} Action {Module} Class {com.iontrading.isf.conversion.guice.ConversionModule} Path {file:/C:/Users/avirat.sharma/OneDrive%20-%20ION/Desktop/Work/LDP-Practice/LDP_Onboarding_Assignment/COOL_Onboarding_Activity/target/COOL_Onboarding_Activity-1.0-SNAPSHOT.jar} Version {null}
01:42:52:633226|0303-00076:BOOT: Service Manager {INFO} Action {Module} Class {com.iontrading.isf.metadata.guice.MetadataModule} Path {file:/C:/Users/avirat.sharma/OneDrive%20-%20ION/Desktop/Work/LDP-Practice/LDP_Onboarding_Assignment/COOL_Onboarding_Activity/target/COOL_Onboarding_Activity-1.0-SNAPSHOT.jar} Version {null}
01:42:52:634313|0313-00076:BOOT: Service Manager {INFO} Action {Module} Class {com.iontrading.isf.configuration.guice.ConfigurationModule} Path {file:/C:/Users/avirat.sharma/OneDrive%20-%20ION/Desktop/Work/LDP-Practice/LDP_Onboarding_Assignment/COOL_Onboarding_Activity/target/COOL_Onboarding_Activity-1.0-SNAPSHOT.jar} Version {null}
01:42:52:634800|0333-00076:BOOT: Service Manager {INFO} Action {Module} Class {com.iontrading.isf.commons.meters.guice.ResourceProbeGlobalConfigurationModule} Path {file:/C:/Users/avirat.sharma/OneDrive%20-%20ION/Desktop/Work/LDP-Practice/LDP_Onboarding_Assignment/COOL_Onboarding_Activity/target/COOL_Onboarding_Activity-1.0-SNAPSHOT.jar} Version {null}
01:42:52:635147|0291-00076:BOOT: Service Manager {INFO} Action {Module} Class {com.iontrading.isf.executors.guice.b} Path {file:/C:/Users/avirat.sharma/OneDrive%20-%20ION/Desktop/Work/LDP-Practice/LDP_Onboarding_Assignment/COOL_Onboarding_Activity/target/COOL_Onboarding_Activity-1.0-SNAPSHOT.jar} Version {null}
01:42:52:635940|0315-00076:BOOT: Service Manager {INFO} Action {Module} Class {com.iontrading.isf.executors.guice.GlobalStatsExecutorModule} Path {file:/C:/Users/avirat.sharma/OneDrive%20-%20ION/Desktop/Work/LDP-Practice/LDP_Onboarding_Assignment/COOL_Onboarding_Activity/target/COOL_Onboarding_Activity-1.0-SNAPSHOT.jar} Version {null}
01:42:52:636561|0308-00076:BOOT: Service Manager {INFO} Action {Module} Class {com.iontrading.isf.executors.guice.ISFExecutorsModule} Path {file:/C:/Users/avirat.sharma/OneDrive%20-%20ION/Desktop/Work/LDP-Practice/LDP_Onboarding_Assignment/COOL_Onboarding_Activity/target/COOL_Onboarding_Activity-1.0-SNAPSHOT.jar} Version {null}
01:42:52:638222|0298-00076:BOOT: Service Manager {INFO} Action {Module} Class {com.iontrading.isf.lock.guice.ISFLockModule} Path {file:/C:/Users/avirat.sharma/OneDrive%20-%20ION/Desktop/Work/LDP-Practice/LDP_Onboarding_Assignment/COOL_Onboarding_Activity/target/COOL_Onboarding_Activity-1.0-SNAPSHOT.jar} Version {null}
01:42:52:638643|0322-00076:BOOT: Service Manager {INFO} Action {Module} Class {com.iontrading.isf.dependency_manager.guice.DependencyManagerModule} Path {file:/C:/Users/avirat.sharma/OneDrive%20-%20ION/Desktop/Work/LDP-Practice/LDP_Onboarding_Assignment/COOL_Onboarding_Activity/target/COOL_Onboarding_Activity-1.0-SNAPSHOT.jar} Version {null}
01:42:52:638956|0308-00076:BOOT: Service Manager {INFO} Action {Module} Class {com.iontrading.jmix.guice.PlatformConfigurationModule} Path {file:/C:/Users/avirat.sharma/OneDrive%20-%20ION/Desktop/Work/LDP-Practice/LDP_Onboarding_Assignment/COOL_Onboarding_Activity/target/COOL_Onboarding_Activity-1.0-SNAPSHOT.jar} Version {null}
01:42:52:640169|0329-00076:BOOT: Service Manager {INFO} Action {Module} Class {com.iontrading.isf.service_manager.guice.ServiceManagerTagSubscriberModule} Path {file:/C:/Users/avirat.sharma/OneDrive%20-%20ION/Desktop/Work/LDP-Practice/LDP_Onboarding_Assignment/COOL_Onboarding_Activity/target/COOL_Onboarding_Activity-1.0-SNAPSHOT.jar} Version {null}
01:42:52:641551|0297-00076:BOOT: Service Manager {INFO} Action {Module} Class {com.iontrading.isf.service_manager.guice.a} Path {file:/C:/Users/avirat.sharma/OneDrive%20-%20ION/Desktop/Work/LDP-Practice/LDP_Onboarding_Assignment/COOL_Onboarding_Activity/target/COOL_Onboarding_Activity-1.0-SNAPSHOT.jar} Version {null}
01:42:52:642186|0289-00076:BOOT: Service Manager {INFO} Action {Module} Class {com.iontrading.cat.insight.guice.a} Path {file:/C:/Users/avirat.sharma/OneDrive%20-%20ION/Desktop/Work/LDP-Practice/LDP_Onboarding_Assignment/COOL_Onboarding_Activity/target/COOL_Onboarding_Activity-1.0-SNAPSHOT.jar} Version {null}
01:42:52:642532|0313-00076:BOOT: Service Manager {INFO} Action {Module} Class {com.iontrading.cat.insight.guice.InsightOutputWriterModule} Path {file:/C:/Users/avirat.sharma/OneDrive%20-%20ION/Desktop/Work/LDP-Practice/LDP_Onboarding_Assignment/COOL_Onboarding_Activity/target/COOL_Onboarding_Activity-1.0-SNAPSHOT.jar} Version {null}
01:42:52:642849|0310-00076:BOOT: Service Manager {INFO} Action {Module} Class {com.iontrading.cat.insight.guice.InsightSchedulerModule} Path {file:/C:/Users/avirat.sharma/OneDrive%20-%20ION/Desktop/Work/LDP-Practice/LDP_Onboarding_Assignment/COOL_Onboarding_Activity/target/COOL_Onboarding_Activity-1.0-SNAPSHOT.jar} Version {null}
01:42:52:643211|0313-00076:BOOT: Service Manager {INFO} Action {Module} Class {com.iontrading.cat.insight.guice.InsightFileExporterModule} Path {file:/C:/Users/avirat.sharma/OneDrive%20-%20ION/Desktop/Work/LDP-Practice/LDP_Onboarding_Assignment/COOL_Onboarding_Activity/target/COOL_Onboarding_Activity-1.0-SNAPSHOT.jar} Version {null}
01:42:52:643500|0334-00076:BOOT: Service Manager {INFO} Action {Module} Class {com.iontrading.cat.insight.impl.export.prometheus.tinyhttp.guice.TinyHttpModule} Path {file:/C:/Users/avirat.sharma/OneDrive%20-%20ION/Desktop/Work/LDP-Practice/LDP_Onboarding_Assignment/COOL_Onboarding_Activity/target/COOL_Onboarding_Activity-1.0-SNAPSHOT.jar} Version {null}
01:42:52:643808|0311-00076:BOOT: Service Manager {INFO} Action {Module} Class {com.iontrading.cat.insight.guice.InsightPrometheusModule} Path {file:/C:/Users/avirat.sharma/OneDrive%20-%20ION/Desktop/Work/LDP-Practice/LDP_Onboarding_Assignment/COOL_Onboarding_Activity/target/COOL_Onboarding_Activity-1.0-SNAPSHOT.jar} Version {null}
01:42:52:644122|0302-00076:BOOT: Service Manager {INFO} Action {Module} Class {com.iontrading.cat.insight.impl.private_guice.a} Path {file:/C:/Users/avirat.sharma/OneDrive%20-%20ION/Desktop/Work/LDP-Practice/LDP_Onboarding_Assignment/COOL_Onboarding_Activity/target/COOL_Onboarding_Activity-1.0-SNAPSHOT.jar} Version {null}
01:42:52:644440|0301-00076:BOOT: Service Manager {INFO} Action {Module} Class {com.iontrading.cat.insight.guice.InsightModule} Path {file:/C:/Users/avirat.sharma/OneDrive%20-%20ION/Desktop/Work/LDP-Practice/LDP_Onboarding_Assignment/COOL_Onboarding_Activity/target/COOL_Onboarding_Activity-1.0-SNAPSHOT.jar} Version {null}
01:42:52:644730|0324-00076:BOOT: Service Manager {INFO} Action {Module} Class {com.iontrading.isf.service_manager.guice.ServiceManager4InsightModule} Path {file:/C:/Users/avirat.sharma/OneDrive%20-%20ION/Desktop/Work/LDP-Practice/LDP_Onboarding_Assignment/COOL_Onboarding_Activity/target/COOL_Onboarding_Activity-1.0-SNAPSHOT.jar} Version {null}
01:42:52:645068|0323-00076:BOOT: Service Manager {INFO} Action {Module} Class {com.iontrading.isf.readiness.guice.ReadinessCalculatorStrategyModule} Path {file:/C:/Users/avirat.sharma/OneDrive%20-%20ION/Desktop/Work/LDP-Practice/LDP_Onboarding_Assignment/COOL_Onboarding_Activity/target/COOL_Onboarding_Activity-1.0-SNAPSHOT.jar} Version {null}
01:42:52:645691|0305-00076:BOOT: Service Manager {INFO} Action {Module} Class {com.iontrading.isf.readiness.guice.ReadinessModule} Path {file:/C:/Users/avirat.sharma/OneDrive%20-%20ION/Desktop/Work/LDP-Practice/LDP_Onboarding_Assignment/COOL_Onboarding_Activity/target/COOL_Onboarding_Activity-1.0-SNAPSHOT.jar} Version {null}
01:42:52:646182|0330-00076:BOOT: Service Manager {INFO} Action {Module} Class {com.iontrading.isf.service_manager.guice.ServiceManager2ReadinessUnitModule} Path {file:/C:/Users/avirat.sharma/OneDrive%20-%20ION/Desktop/Work/LDP-Practice/LDP_Onboarding_Assignment/COOL_Onboarding_Activity/target/COOL_Onboarding_Activity-1.0-SNAPSHOT.jar} Version {null}
01:42:52:646616|0325-00076:BOOT: Service Manager {INFO} Action {Module} Class {com.iontrading.isf.service_manager.guice.ServiceManagerPublisherModule} Path {file:/C:/Users/avirat.sharma/OneDrive%20-%20ION/Desktop/Work/LDP-Practice/LDP_Onboarding_Assignment/COOL_Onboarding_Activity/target/COOL_Onboarding_Activity-1.0-SNAPSHOT.jar} Version {null}
01:42:52:647033|0316-00076:BOOT: Service Manager {INFO} Action {Module} Class {com.iontrading.isf.service_manager.guice.ServiceManagerModule} Path {file:/C:/Users/avirat.sharma/OneDrive%20-%20ION/Desktop/Work/LDP-Practice/LDP_Onboarding_Assignment/COOL_Onboarding_Activity/target/COOL_Onboarding_Activity-1.0-SNAPSHOT.jar} Version {null}
01:42:52:647468|0347-00076:BOOT: Service Manager {INFO} Action {Module} Class {com.iontrading.isf.dependency_manager.providers.guice.ServiceManagerDependencyProviderModule} Path {file:/C:/Users/avirat.sharma/OneDrive%20-%20ION/Desktop/Work/LDP-Practice/LDP_Onboarding_Assignment/COOL_Onboarding_Activity/target/COOL_Onboarding_Activity-1.0-SNAPSHOT.jar} Version {null}
01:42:52:647856|0308-00076:BOOT: Service Manager {INFO} Action {Module} Class {com.iontrading.talk.metadata.guice.TalkMetadataModule} Path {file:/C:/Users/avirat.sharma/OneDrive%20-%20ION/Desktop/Work/LDP-Practice/LDP_Onboarding_Assignment/COOL_Onboarding_Activity/target/COOL_Onboarding_Activity-1.0-SNAPSHOT.jar} Version {null}
01:42:52:648325|0308-00076:BOOT: Service Manager {INFO} Action {Module} Class {com.iontrading.talk.api.guice.TalkIdentifiablesModule} Path {file:/C:/Users/avirat.sharma/OneDrive%20-%20ION/Desktop/Work/LDP-Practice/LDP_Onboarding_Assignment/COOL_Onboarding_Activity/target/COOL_Onboarding_Activity-1.0-SNAPSHOT.jar} Version {null}
01:42:52:648719|0289-00076:BOOT: Service Manager {INFO} Action {Module} Class {com.iontrading.talk.convert.impl.f} Path {file:/C:/Users/avirat.sharma/OneDrive%20-%20ION/Desktop/Work/LDP-Practice/LDP_Onboarding_Assignment/COOL_Onboarding_Activity/target/COOL_Onboarding_Activity-1.0-SNAPSHOT.jar} Version {null}
01:42:52:649116|0306-00076:BOOT: Service Manager {INFO} Action {Module} Class {com.iontrading.talk.convert.guice.TalkConvertModule} Path {file:/C:/Users/avirat.sharma/OneDrive%20-%20ION/Desktop/Work/LDP-Practice/LDP_Onboarding_Assignment/COOL_Onboarding_Activity/target/COOL_Onboarding_Activity-1.0-SNAPSHOT.jar} Version {null}
01:42:52:650127|0313-00076:BOOT: Service Manager {INFO} Action {Module} Class {com.iontrading.talk.ionbus.guice.DefaultPlatformInfoModule} Path {file:/C:/Users/avirat.sharma/OneDrive%20-%20ION/Desktop/Work/LDP-Practice/LDP_Onboarding_Assignment/COOL_Onboarding_Activity/target/COOL_Onboarding_Activity-1.0-SNAPSHOT.jar} Version {null}
01:42:52:650669|0318-00076:BOOT: Service Manager {INFO} Action {Module} Class {com.iontrading.talk.ionbus.guice.DefaultTalkConfigurationModule} Path {file:/C:/Users/avirat.sharma/OneDrive%20-%20ION/Desktop/Work/LDP-Practice/LDP_Onboarding_Assignment/COOL_Onboarding_Activity/target/COOL_Onboarding_Activity-1.0-SNAPSHOT.jar} Version {null}
01:42:52:651099|0309-00076:BOOT: Service Manager {INFO} Action {Module} Class {com.iontrading.jmix.logging.guice.JMIXLogAdapterModule} Path {file:/C:/Users/avirat.sharma/OneDrive%20-%20ION/Desktop/Work/LDP-Practice/LDP_Onboarding_Assignment/COOL_Onboarding_Activity/target/COOL_Onboarding_Activity-1.0-SNAPSHOT.jar} Version {null}
01:42:52:652658|0305-00076:BOOT: Service Manager {INFO} Action {Module} Class {com.iontrading.jmix.guice.ParamGeneratorUtilModule} Path {file:/C:/Users/avirat.sharma/OneDrive%20-%20ION/Desktop/Work/LDP-Practice/LDP_Onboarding_Assignment/COOL_Onboarding_Activity/target/COOL_Onboarding_Activity-1.0-SNAPSHOT.jar} Version {null}
01:42:52:652955|0295-00076:BOOT: Service Manager {INFO} Action {Module} Class {com.iontrading.jmix.guice.PlatformModule} Path {file:/C:/Users/avirat.sharma/OneDrive%20-%20ION/Desktop/Work/LDP-Practice/LDP_Onboarding_Assignment/COOL_Onboarding_Activity/target/COOL_Onboarding_Activity-1.0-SNAPSHOT.jar} Version {null}
01:42:52:653507|0295-00076:BOOT: Service Manager {INFO} Action {Module} Class {com.iontrading.talk.api.guice.TalkModule} Path {file:/C:/Users/avirat.sharma/OneDrive%20-%20ION/Desktop/Work/LDP-Practice/LDP_Onboarding_Assignment/COOL_Onboarding_Activity/target/COOL_Onboarding_Activity-1.0-SNAPSHOT.jar} Version {null}
01:42:52:654218|0289-00076:BOOT: Service Manager {INFO} Action {Module} Class {com.iontrading.talk.ionbus.guice.a} Path {file:/C:/Users/avirat.sharma/OneDrive%20-%20ION/Desktop/Work/LDP-Practice/LDP_Onboarding_Assignment/COOL_Onboarding_Activity/target/COOL_Onboarding_Activity-1.0-SNAPSHOT.jar} Version {null}
01:42:52:654884|0304-00076:BOOT: Service Manager {INFO} Action {Module} Class {com.iontrading.talk.ionbus.guice.TalkIonBusModule} Path {file:/C:/Users/avirat.sharma/OneDrive%20-%20ION/Desktop/Work/LDP-Practice/LDP_Onboarding_Assignment/COOL_Onboarding_Activity/target/COOL_Onboarding_Activity-1.0-SNAPSHOT.jar} Version {null}
01:42:52:655377|0293-00076:BOOT: Service Manager {INFO} Action {Module} Class {com.activity.bondprice.BondPriceModule} Path {file:/C:/Users/avirat.sharma/OneDrive%20-%20ION/Desktop/Work/LDP-Practice/LDP_Onboarding_Assignment/COOL_Onboarding_Activity/target/COOL_Onboarding_Activity-1.0-SNAPSHOT.jar} Version {null}
01:42:52:655987|0300-00076:BOOT: Service Manager {INFO} Action {Module} Class {com.iontrading.isf.applicationserver.impl.g$4} Path {file:/C:/Users/avirat.sharma/OneDrive%20-%20ION/Desktop/Work/LDP-Practice/LDP_Onboarding_Assignment/COOL_Onboarding_Activity/target/COOL_Onboarding_Activity-1.0-SNAPSHOT.jar} Version {null}
01:42:52:656213|0300-00076:BOOT: Service Manager {INFO} Action {Module} Class {com.iontrading.isf.applicationserver.impl.g$7} Path {file:/C:/Users/avirat.sharma/OneDrive%20-%20ION/Desktop/Work/LDP-Practice/LDP_Onboarding_Assignment/COOL_Onboarding_Activity/target/COOL_Onboarding_Activity-1.0-SNAPSHOT.jar} Version {null}
01:42:52:656847|0313-00076:BOOT: Service Manager {INFO} Action {Module} Class {com.iontrading.isf.applicationserver.plugins.config.impl.j} Path {file:/C:/Users/avirat.sharma/OneDrive%20-%20ION/Desktop/Work/LDP-Practice/LDP_Onboarding_Assignment/COOL_Onboarding_Activity/target/COOL_Onboarding_Activity-1.0-SNAPSHOT.jar} Version {null}
01:42:52:657142|0326-00076:BOOT: Service Manager {INFO} Action {Module} Class {com.iontrading.isf.applicationserver.impl.BootPerformRegistrationModule} Path {file:/C:/Users/avirat.sharma/OneDrive%20-%20ION/Desktop/Work/LDP-Practice/LDP_Onboarding_Assignment/COOL_Onboarding_Activity/target/COOL_Onboarding_Activity-1.0-SNAPSHOT.jar} Version {null}
01:42:52:657388|0298-00076:BOOT: Service Manager {INFO} Action {Module} Class {com.iontrading.isf.applicationserver.impl.a} Path {file:/C:/Users/avirat.sharma/OneDrive%20-%20ION/Desktop/Work/LDP-Practice/LDP_Onboarding_Assignment/COOL_Onboarding_Activity/target/COOL_Onboarding_Activity-1.0-SNAPSHOT.jar} Version {null}
01:42:52:657577|0300-00076:BOOT: Service Manager {INFO} Action {Module} Class {com.iontrading.isf.applicationserver.impl.g$5} Path {file:/C:/Users/avirat.sharma/OneDrive%20-%20ION/Desktop/Work/LDP-Practice/LDP_Onboarding_Assignment/COOL_Onboarding_Activity/target/COOL_Onboarding_Activity-1.0-SNAPSHOT.jar} Version {null}
01:42:52:657747|0300-00076:BOOT: Service Manager {INFO} Action {Module} Class {com.iontrading.isf.applicationserver.impl.g$6} Path {file:/C:/Users/avirat.sharma/OneDrive%20-%20ION/Desktop/Work/LDP-Practice/LDP_Onboarding_Assignment/COOL_Onboarding_Activity/target/COOL_Onboarding_Activity-1.0-SNAPSHOT.jar} Version {null}
01:42:52:657809|0068-00076:BOOT: Service Manager {INFO} Action {Starting} RunPhase {INIT}
01:42:52:662406|0166-00076:BOOT: ServiceContainer {INFO} Action {Starting service} Service {ION20DirectExecutorInitialization} Tag {ION20/ION20DirectExecutorInitialization} BlockedBy {[]}
01:42:52:662467|0150-00076:BOOT: ServiceContainer {INFO} Action {Service started} Service {ION20DirectExecutorInitialization} Tag {ION20/ION20DirectExecutorInitialization}
01:42:52:673858|0148-00076:BOOT: ServiceContainer {INFO} Action {Starting service} Service {ExecutorsRegistryService} Tag {ION20/ExecutorsRegistryService} BlockedBy {[]}
01:42:52:673904|0132-00076:BOOT: ServiceContainer {INFO} Action {Service started} Service {ExecutorsRegistryService} Tag {ION20/ExecutorsRegistryService}
01:42:52:677898|0153-00076:BOOT: ServiceContainer {INFO} Action {Starting service} Service {Executors Monitoring Service} Tag {ION20/ExecutorMonitoringService} BlockedBy {[]}
01:42:52:678301|0191-00076:EXECUTORS_MONITORING: Executors monitoring {INFO} Action {Configuration} Enabled {true} PollInterval {60} WarningThreshold {120} StackDumpInterval {3600} ShowLockedSynchronizers {false}
01:42:52:683846|0137-00076:BOOT: ServiceContainer {INFO} Action {Service started} Service {Executors Monitoring Service} Tag {ION20/ExecutorMonitoringService}
01:42:52:692927|0167-00076:CONCURRENT: ExecutorsRegistry {INFO} Action {Added Executor service} Name {DEFAULT} CorePoolSize {22} MaxPoolSize {22} KeepaliveTime {0} MonitoringEnabled {true}
01:42:52:701009|0081-00076:GlobalStats: {INFO} Action {Added StatsHandler} Name {ResourceProbesTracer}
01:42:52:702006|0282-00076:STATS.ION20_EXECUTORS: {INFO} Action {Adding new resource type schema} ResourceType {ION20_EXECUTORS} Schema {<resource name> {<PendingRequestCount> <DeltaRequestReceivedCount> <DeltaRequestCompletedCount> <DeltaUsedTimeMS> <DeltaAvailableTimeMS> <DeltaSaturationPercentage>}}
01:42:52:704910|0158-00076:BOOT: ServiceContainer {INFO} Action {Starting service} Service {Dependency Manager Registrator} Tag {ION20/DependencyManagerRegistrator} BlockedBy {[]}
01:42:52:706130|0172-00076:CONCURRENT: ExecutorsRegistry {INFO} Action {Added Executor service} Name {NOTIFICATION} CorePoolSize {22} MaxPoolSize {22} KeepaliveTime {0} MonitoringEnabled {true}
01:42:52:706493|0142-00076:BOOT: ServiceContainer {INFO} Action {Service started} Service {Dependency Manager Registrator} Tag {ION20/DependencyManagerRegistrator}
01:42:52:714743|0156-00076:BOOT: ServiceContainer {INFO} Action {Starting service} Service {FileExporterInitiatorService} Tag {ION20/FileExporterInitiatorService} BlockedBy {[]}
01:42:52:714849|0092-00076:Insight: FileExporterInitiatorService {INFO} Action {Activating Insight File Exporter}
01:42:52:719592|0140-00076:BOOT: ServiceContainer {INFO} Action {Service started} Service {FileExporterInitiatorService} Tag {ION20/FileExporterInitiatorService}
01:42:52:721342|0168-00076:BOOT: ServiceContainer {INFO} Action {Starting service} Service {PrometheusExporterInitiatorService} Tag {ION20/PrometheusExporterInitiatorService} BlockedBy {[]}
01:42:52:721391|0142-00076:Insight: PrometheusExporterInitiatorService {INFO} Action {Insight Prometheus HTTP endpoint not enabled} InsightEnabled {true} Port {-1}
01:42:52:721404|0152-00076:BOOT: ServiceContainer {INFO} Action {Service started} Service {PrometheusExporterInitiatorService} Tag {ION20/PrometheusExporterInitiatorService}
01:42:52:724121|0146-00076:BOOT: ServiceContainer {INFO} Action {Starting service} Service {ServiceManagerLifeCycle} Tag {ION20/ServiceManagerLifeCycle} BlockedBy {[]}
01:42:52:724955|0144-00076:SERVICEMANAGER: BusListener {INFO} Action {Storing service record} Service {EUR.SERVICE_DICTIONARY.__SYSTEM_dh.ION_PasswordAuthentication}
01:42:52:725319|0097-00076:SERVICEMANAGER: Service management {INFO} Action {Service exposed} ServiceId {KafkaService}
01:42:52:880045|0125-00076:SERVICEMANAGER: BusListener {INFO} Action {Storing service record} Service {ALL.SERVICE_DICTIONARY.SOURCE.KafkaService}
01:42:52:883269|0130-00076:BOOT: ServiceContainer {INFO} Action {Service started} Service {ServiceManagerLifeCycle} Tag {ION20/ServiceManagerLifeCycle}
01:42:52:886818|0166-00076:BOOT: ServiceContainer {INFO} Action {Starting service} Service {DaemonServiceAvailabilityProvider} Tag {ION20/DaemonServiceAvailabilityProvider} BlockedBy {[]}
01:42:52:894653|0179-00079:Insight: MetricSetRegistry {INFO} Action {Create Metric Set} Name {service_dictionary/#//service_id/service_source} Labels {{service_id=KafkaService, service_source=SOURCE}}
01:42:52:926720|0227-00076:SERVICEMANAGER: DaemonServiceAvailabilityProvider {INFO} Action {ACTIVATE DAEMON SERVICE} ServiceInfo {com.iontrading.isf.service_manager.impl.daemon_service.a$a@75d59f51[Name=dh,Description=Daemon dh,Source=__SYSTEM_dh]}
01:42:52:926883|0148-00076:SERVICEMANAGER: External Service Manager {INFO} Action {Added External Service} Id {__DAEMON_BUS_SERVICE_} Source {__SYSTEM_dh} Currency {EUR}
01:42:52:926913|0121-00076:SERVICEMANAGER: External Service Manager {INFO} Action {Status change} ServiceId {__DAEMON_BUS_SERVICE_} Active {1}
01:42:52:927051|0150-00076:BOOT: ServiceContainer {INFO} Action {Service started} Service {DaemonServiceAvailabilityProvider} Tag {ION20/DaemonServiceAvailabilityProvider}
01:42:52:927167|0156-00076:BOOT: ServiceContainer {INFO} Action {Starting service} Service {IdentifiableResolverRegistry} Tag {ION20/IdentifiableResolverRegistry} BlockedBy {[]}
01:42:52:927247|0140-00076:BOOT: ServiceContainer {INFO} Action {Service started} Service {IdentifiableResolverRegistry} Tag {ION20/IdentifiableResolverRegistry}
01:42:52:927257|0070-00076:BOOT: Service Manager {INFO} Action {Starting} RunPhase {CONFIG}
01:42:52:927273|0075-00076:BOOT: Service Manager {INFO} Action {Starting} RunPhase {POST_CONFIG}
01:42:52:927437|0069-00076:BOOT: Service Manager {INFO} Action {Starting} RunPhase {START}
01:42:52:927518|0144-00076:BOOT: ServiceContainer {INFO} Action {Starting service} Service {ExternalServiceManager} Tag {ION20/ExternalServiceManager} BlockedBy {[]}
01:42:52:927540|0128-00076:BOOT: ServiceContainer {INFO} Action {Service started} Service {ExternalServiceManager} Tag {ION20/ExternalServiceManager}
01:42:52:935943|0168-00076:CONCURRENT: ExecutorsRegistry {INFO} Action {Added Executor service} Name {FUNCTION} CorePoolSize {22} MaxPoolSize {22} KeepaliveTime {0} MonitoringEnabled {true}
01:42:52:938390|0150-00076:BOOT: ServiceContainer {INFO} Action {Starting service} Service {Talk IonBus Exporter Initializer} Tag {ION20/TalkIonBusExporter} BlockedBy {[]}
01:42:52:951678|2324-00076:TALK.METADATA: MethodMetadataFactory {ERROR} Action {Problem constructing Method Metadata!} Method {com.activity.bondprice.TalkInterface.sendBonds}
java.lang.IllegalArgumentException: Unknown parameter type / Method {com.activity.bondprice.TalkInterface.sendBonds} Index {0} Type {com.activity.bondprice.EnhancedBondPriceBean} Generic Type {class com.activity.bondprice.EnhancedBondPriceBean}
	at com.iontrading.talk.metadata.factory.f.b(MethodMetadataFactoryImpl.java:263)
	at com.iontrading.talk.metadata.factory.f.b(MethodMetadataFactoryImpl.java:184)
	at com.iontrading.talk.metadata.factory.f.b(MethodMetadataFactoryImpl.java:124)
	at com.iontrading.talk.metadata.factory.f.createMetadata(MethodMetadataFactoryImpl.java:74)
	at com.iontrading.isf.metadata.impl.c.createMetadata(MetadataFactoryWrapper.java:56)
	at com.iontrading.isf.metadata.impl.MetadataRegistryImpl.a(MetadataRegistryImpl.java:205)
	at com.iontrading.isf.metadata.impl.MetadataRegistryImpl.getMetadata(MetadataRegistryImpl.java:178)
	at com.iontrading.talk.ionbus.metadata.a.a(JmixFunctionMetadataFactory.java:58)
	at com.iontrading.talk.ionbus.metadata.a.createMetadata(JmixFunctionMetadataFactory.java:39)
	at com.iontrading.isf.metadata.impl.c.createMetadata(MetadataFactoryWrapper.java:56)
	at com.iontrading.isf.metadata.impl.MetadataRegistryImpl.a(MetadataRegistryImpl.java:205)
	at com.iontrading.isf.metadata.impl.MetadataRegistryImpl.getMetadata(MetadataRegistryImpl.java:178)
	at com.iontrading.talk.ionbus.functions.impl.b$1.a(ExporterImpl.java:172)
	at com.iontrading.talk.ionbus.functions.impl.h.a(JmixServiceWrapper.java:58)
	at com.iontrading.talk.ionbus.functions.impl.b.a(ExporterImpl.java:214)
	at com.iontrading.talk.ionbus.functions.impl.b.exportFunctions(ExporterImpl.java:155)
	at com.iontrading.talk.ionbus.functions.impl.b.start(ExporterImpl.java:240)
	at com.iontrading.isf.boot.impl.a.start(BootServiceWrapper.java:65)
	at com.iontrading.isf.boot.impl.ServicesContainerImpl.startService(ServicesContainerImpl.java:42)
	at com.iontrading.isf.boot.impl.b.start(BootServices.java:75)
	at com.iontrading.isf.applicationserver.impl.d.a(ISFAppBuilder.java:40)
	at com.iontrading.isf.applicationserver.impl.ISFBootstrap$1.a(ISFBootstrap.java:141)
	at java.base/java.lang.Thread.run(Thread.java:1575)

01:42:52:951909|2313-00076:BOOT: ServiceContainer {FATAL} Action {ERROR Starting service} Service {Talk IonBus Exporter Initializer} Tag {ION20/TalkIonBusExporter}
java.lang.IllegalArgumentException: Unknown parameter type / Method {com.activity.bondprice.TalkInterface.sendBonds} Index {0} Type {com.activity.bondprice.EnhancedBondPriceBean} Generic Type {class com.activity.bondprice.EnhancedBondPriceBean}
	at com.iontrading.talk.metadata.factory.f.b(MethodMetadataFactoryImpl.java:263)
	at com.iontrading.talk.metadata.factory.f.b(MethodMetadataFactoryImpl.java:184)
	at com.iontrading.talk.metadata.factory.f.b(MethodMetadataFactoryImpl.java:124)
	at com.iontrading.talk.metadata.factory.f.createMetadata(MethodMetadataFactoryImpl.java:74)
	at com.iontrading.isf.metadata.impl.c.createMetadata(MetadataFactoryWrapper.java:56)
	at com.iontrading.isf.metadata.impl.MetadataRegistryImpl.a(MetadataRegistryImpl.java:205)
	at com.iontrading.isf.metadata.impl.MetadataRegistryImpl.getMetadata(MetadataRegistryImpl.java:178)
	at com.iontrading.talk.ionbus.metadata.a.a(JmixFunctionMetadataFactory.java:58)
	at com.iontrading.talk.ionbus.metadata.a.createMetadata(JmixFunctionMetadataFactory.java:39)
	at com.iontrading.isf.metadata.impl.c.createMetadata(MetadataFactoryWrapper.java:56)
	at com.iontrading.isf.metadata.impl.MetadataRegistryImpl.a(MetadataRegistryImpl.java:205)
	at com.iontrading.isf.metadata.impl.MetadataRegistryImpl.getMetadata(MetadataRegistryImpl.java:178)
	at com.iontrading.talk.ionbus.functions.impl.b$1.a(ExporterImpl.java:172)
	at com.iontrading.talk.ionbus.functions.impl.h.a(JmixServiceWrapper.java:58)
	at com.iontrading.talk.ionbus.functions.impl.b.a(ExporterImpl.java:214)
	at com.iontrading.talk.ionbus.functions.impl.b.exportFunctions(ExporterImpl.java:155)
	at com.iontrading.talk.ionbus.functions.impl.b.start(ExporterImpl.java:240)
	at com.iontrading.isf.boot.impl.a.start(BootServiceWrapper.java:65)
	at com.iontrading.isf.boot.impl.ServicesContainerImpl.startService(ServicesContainerImpl.java:42)
	at com.iontrading.isf.boot.impl.b.start(BootServices.java:75)
	at com.iontrading.isf.applicationserver.impl.d.a(ISFAppBuilder.java:40)
	at com.iontrading.isf.applicationserver.impl.ISFBootstrap$1.a(ISFBootstrap.java:141)
	at java.base/java.lang.Thread.run(Thread.java:1575)

01:42:52:952057|2630-00076:APP: Application {ERROR} Action {Boot Service error}
com.iontrading.isf.boot.spi.a: java.lang.IllegalArgumentException: Unknown parameter type / Method {com.activity.bondprice.TalkInterface.sendBonds} Index {0} Type {com.activity.bondprice.EnhancedBondPriceBean} Generic Type {class com.activity.bondprice.EnhancedBondPriceBean}
	at com.iontrading.isf.boot.impl.ServicesContainerImpl.startService(ServicesContainerImpl.java:47)
	at com.iontrading.isf.boot.impl.b.start(BootServices.java:75)
	at com.iontrading.isf.applicationserver.impl.d.a(ISFAppBuilder.java:40)
	at com.iontrading.isf.applicationserver.impl.ISFBootstrap$1.a(ISFBootstrap.java:141)
	at java.base/java.lang.Thread.run(Thread.java:1575)
Caused by: java.lang.IllegalArgumentException: Unknown parameter type / Method {com.activity.bondprice.TalkInterface.sendBonds} Index {0} Type {com.activity.bondprice.EnhancedBondPriceBean} Generic Type {class com.activity.bondprice.EnhancedBondPriceBean}
	at com.iontrading.talk.metadata.factory.f.b(MethodMetadataFactoryImpl.java:263)
	at com.iontrading.talk.metadata.factory.f.b(MethodMetadataFactoryImpl.java:184)
	at com.iontrading.talk.metadata.factory.f.b(MethodMetadataFactoryImpl.java:124)
	at com.iontrading.talk.metadata.factory.f.createMetadata(MethodMetadataFactoryImpl.java:74)
	at com.iontrading.isf.metadata.impl.c.createMetadata(MetadataFactoryWrapper.java:56)
	at com.iontrading.isf.metadata.impl.MetadataRegistryImpl.a(MetadataRegistryImpl.java:205)
	at com.iontrading.isf.metadata.impl.MetadataRegistryImpl.getMetadata(MetadataRegistryImpl.java:178)
	at com.iontrading.talk.ionbus.metadata.a.a(JmixFunctionMetadataFactory.java:58)
	at com.iontrading.talk.ionbus.metadata.a.createMetadata(JmixFunctionMetadataFactory.java:39)
	at com.iontrading.isf.metadata.impl.c.createMetadata(MetadataFactoryWrapper.java:56)
	at com.iontrading.isf.metadata.impl.MetadataRegistryImpl.a(MetadataRegistryImpl.java:205)
	at com.iontrading.isf.metadata.impl.MetadataRegistryImpl.getMetadata(MetadataRegistryImpl.java:178)
	at com.iontrading.talk.ionbus.functions.impl.b$1.a(ExporterImpl.java:172)
	at com.iontrading.talk.ionbus.functions.impl.h.a(JmixServiceWrapper.java:58)
	at com.iontrading.talk.ionbus.functions.impl.b.a(ExporterImpl.java:214)
	at com.iontrading.talk.ionbus.functions.impl.b.exportFunctions(ExporterImpl.java:155)
	at com.iontrading.talk.ionbus.functions.impl.b.start(ExporterImpl.java:240)
	at com.iontrading.isf.boot.impl.a.start(BootServiceWrapper.java:65)
	at com.iontrading.isf.boot.impl.ServicesContainerImpl.startService(ServicesContainerImpl.java:42)
	... 4 more

01:42:54:829970|0047-00047:APP: Application {INFO} Action {STOPPING}
01:42:54:830015|0052-00047:BOOT: Service Manager {INFO} Action {Stopping}
01:42:54:830100|0129-00047:BOOT: ServiceContainer {INFO} Action {Stopping service} Service {ExternalServiceManager} Tag {ION20/ExternalServiceManager}
01:42:54:830121|0128-00047:BOOT: ServiceContainer {INFO} Action {Service stopped} Service {ExternalServiceManager} Tag {ION20/ExternalServiceManager}
01:42:54:830141|0141-00047:BOOT: ServiceContainer {INFO} Action {Stopping service} Service {IdentifiableResolverRegistry} Tag {ION20/IdentifiableResolverRegistry}
01:42:54:830152|0140-00047:BOOT: ServiceContainer {INFO} Action {Service stopped} Service {IdentifiableResolverRegistry} Tag {ION20/IdentifiableResolverRegistry}
01:42:54:830164|0151-00047:BOOT: ServiceContainer {INFO} Action {Stopping service} Service {DaemonServiceAvailabilityProvider} Tag {ION20/DaemonServiceAvailabilityProvider}
01:42:54:830172|0150-00047:BOOT: ServiceContainer {INFO} Action {Service stopped} Service {DaemonServiceAvailabilityProvider} Tag {ION20/DaemonServiceAvailabilityProvider}
01:42:54:830397|0131-00047:BOOT: ServiceContainer {INFO} Action {Stopping service} Service {ServiceManagerLifeCycle} Tag {ION20/ServiceManagerLifeCycle}
01:42:54:833092|0126-00047:SERVICEMANAGER: BusListener {INFO} Action {Removing service record} Service {ALL.SERVICE_DICTIONARY.SOURCE.KafkaService}
01:42:54:833303|0101-00047:SERVICEMANAGER: Service management {INFO} Action {Service unpublished} ServiceId {KafkaService}
01:42:54:834440|0130-00047:BOOT: ServiceContainer {INFO} Action {Service stopped} Service {ServiceManagerLifeCycle} Tag {ION20/ServiceManagerLifeCycle}
01:42:54:834475|0153-00047:BOOT: ServiceContainer {INFO} Action {Stopping service} Service {PrometheusExporterInitiatorService} Tag {ION20/PrometheusExporterInitiatorService}
01:42:54:834514|0146-00047:Insight: PrometheusExporterInitiatorService {INFO} Action {Insight Prometheus HTTP endpoint was not enabled} InsightEnabled {true} Port {-1}
01:42:54:834535|0152-00047:BOOT: ServiceContainer {INFO} Action {Service stopped} Service {PrometheusExporterInitiatorService} Tag {ION20/PrometheusExporterInitiatorService}
01:42:54:834553|0141-00047:BOOT: ServiceContainer {INFO} Action {Stopping service} Service {FileExporterInitiatorService} Tag {ION20/FileExporterInitiatorService}
01:42:54:834567|0090-00047:Insight: FileExporterInitiatorService {INFO} Action {Shutdown Insight File Exporter}
01:42:54:834580|0140-00047:BOOT: ServiceContainer {INFO} Action {Service stopped} Service {FileExporterInitiatorService} Tag {ION20/FileExporterInitiatorService}
01:42:54:834596|0143-00047:BOOT: ServiceContainer {INFO} Action {Stopping service} Service {Dependency Manager Registrator} Tag {ION20/DependencyManagerRegistrator}
01:42:54:834958|0142-00047:BOOT: ServiceContainer {INFO} Action {Service stopped} Service {Dependency Manager Registrator} Tag {ION20/DependencyManagerRegistrator}
01:42:54:834992|0138-00047:BOOT: ServiceContainer {INFO} Action {Stopping service} Service {Executors Monitoring Service} Tag {ION20/ExecutorMonitoringService}
01:42:54:835045|0191-00047:EXECUTORS_MONITORING: Executors monitoring {INFO} Action {Configuration} Enabled {true} PollInterval {60} WarningThreshold {120} StackDumpInterval {3600} ShowLockedSynchronizers {false}
01:42:54:838156|0114-00047:EXECUTORS_MONITORING: {INFO} Action {Executors Monitoring} NThreads {1} ForceDump {true} Status {Ok} Info {}
01:42:54:838203|0137-00047:BOOT: ServiceContainer {INFO} Action {Service stopped} Service {Executors Monitoring Service} Tag {ION20/ExecutorMonitoringService}
01:42:54:838226|0133-00047:BOOT: ServiceContainer {INFO} Action {Stopping service} Service {ExecutorsRegistryService} Tag {ION20/ExecutorsRegistryService}
01:42:54:839491|0132-00047:BOOT: ServiceContainer {INFO} Action {Service stopped} Service {ExecutorsRegistryService} Tag {ION20/ExecutorsRegistryService}
01:42:54:839525|0151-00047:BOOT: ServiceContainer {INFO} Action {Stopping service} Service {ION20DirectExecutorInitialization} Tag {ION20/ION20DirectExecutorInitialization}
01:42:54:839551|0150-00047:BOOT: ServiceContainer {INFO} Action {Service stopped} Service {ION20DirectExecutorInitialization} Tag {ION20/ION20DirectExecutorInitialization}
01:42:54:839574|0046-00047:APP: Application {INFO} Action {STOPPED}
01:42:54:840182|0229-00047:SERVICEMANAGER: DaemonServiceAvailabilityProvider {INFO} Action {DEACTIVATE DAEMON SERVICE} ServiceInfo {com.iontrading.isf.service_manager.impl.daemon_service.a$a@75d59f51[Name=dh,Description=Daemon dh,Source=__SYSTEM_dh]}
01:42:54:840239|0121-00047:SERVICEMANAGER: External Service Manager {INFO} Action {Status change} ServiceId {__DAEMON_BUS_SERVICE_} Active {0}
